E:\ENVS\article\Scripts\python.exe E:/Circle/paipaidai/paipaidai/main.py
this time will crawl 2518
ip 初始化结束
item finish:61352939 2017-07-27 09:04:21
item finish:61318720 2017-07-27 09:04:22
item finish:61295465 2017-07-27 09:04:23
item finish:61352459 2017-07-27 09:04:24
item finish:61344431 2017-07-27 09:04:24
item finish:1000182239 2017-07-27 09:04:25
item finish:61118415 2017-07-27 09:04:25
item finish:1000182831 2017-07-27 09:04:26
item finish:60896363 2017-07-27 09:04:27
item finish:61316694 2017-07-27 09:04:27
item finish:61139948 2017-07-27 09:04:28
item finish:1000182019 2017-07-27 09:04:28
item finish:1000181697 2017-07-27 09:04:29
item finish:61071243 2017-07-27 09:04:30
item finish:61335596 2017-07-27 09:04:30
item finish:61353849 2017-07-27 09:04:31
item finish:61289187 2017-07-27 09:04:31
item finish:1000182426 2017-07-27 09:04:32
item finish:61324762 2017-07-27 09:04:32
item finish:61289273 2017-07-27 09:04:33
item finish:1000181512 2017-07-27 09:04:34
item finish:56805185 2017-07-27 09:04:35
item finish:61332057 2017-07-27 09:04:35
item state error:61296818 2017-07-27 09:04:36
item finish:61127575 2017-07-27 09:04:37
item finish:61281446 2017-07-27 09:04:38
item finish:61303665 2017-07-27 09:04:39
item finish:61326216 2017-07-27 09:04:40
item finish:60900877 2017-07-27 09:04:41
item finish:61303410 2017-07-27 09:04:41
item finish:61298990 2017-07-27 09:04:41
item state error:61071879 2017-07-27 09:04:42
item finish:61334699 2017-07-27 09:04:44
item finish:60819318 2017-07-27 09:04:45
item finish:60743389 2017-07-27 09:04:46
item finish:61334267 2017-07-27 09:04:46
item finish:61311490 2017-07-27 09:04:47
item finish:61355772 2017-07-27 09:04:48
item finish:61347775 2017-07-27 09:04:49
item finish:61340473 2017-07-27 09:04:50
item finish:61059703 2017-07-27 09:04:53
item finish:61354492 2017-07-27 09:04:53
item finish:61291199 2017-07-27 09:04:54
item finish:61307833 2017-07-27 09:04:54
item finish:61323690 2017-07-27 09:04:55
item finish:61351948 2017-07-27 09:04:56
item finish:61211938 2017-07-27 09:04:57
item state error:61322153 2017-07-27 09:04:57
item finish:61112237 2017-07-27 09:04:58
item finish:61286767 2017-07-27 09:04:59
item finish:61350716 2017-07-27 09:04:59
item finish:61353874 2017-07-27 09:05:00
item finish:60905303 2017-07-27 09:05:01
item finish:1000181957 2017-07-27 09:05:01
item finish:61317415 2017-07-27 09:05:01
item finish:61342759 2017-07-27 09:05:02
item finish:60679753 2017-07-27 09:05:03
item finish:61305935 2017-07-27 09:05:05
item finish:1000182264 2017-07-27 09:05:06
item finish:61320439 2017-07-27 09:05:07
item finish:1000181891 2017-07-27 09:05:08
item finish:60477409 2017-07-27 09:05:08
item finish:61354408 2017-07-27 09:05:09
item finish:61089795 2017-07-27 09:05:09
item finish:61350390 2017-07-27 09:05:10
item finish:60796212 2017-07-27 09:05:10
item finish:61112719 2017-07-27 09:05:11
item finish:1000182037 2017-07-27 09:05:11
item finish:61334142 2017-07-27 09:05:12
item finish:61292567 2017-07-27 09:05:12
item finish:1000181737 2017-07-27 09:05:12
item state error:61313733 2017-07-27 09:05:13
item finish:61299966 2017-07-27 09:05:14
item finish:61341665 2017-07-27 09:05:17
item finish:61123143 2017-07-27 09:05:18
item finish:61353089 2017-07-27 09:05:18
item finish:61289943 2017-07-27 09:05:18
item finish:60986035 2017-07-27 09:05:19
item finish:61328552 2017-07-27 09:05:19
item finish:61303298 2017-07-27 09:05:20
item finish:61332118 2017-07-27 09:05:20
item finish:61356045 2017-07-27 09:05:21
item finish:1000182261 2017-07-27 09:05:22
item finish:60742095 2017-07-27 09:05:22
item finish:61147254 2017-07-27 09:05:23
item finish:60260728 2017-07-27 09:05:27
item finish:61315996 2017-07-27 09:05:28
item finish:58651469 2017-07-27 09:05:28
item finish:61333255 2017-07-27 09:05:28
item finish:61261176 2017-07-27 09:05:29
item finish:61353078 2017-07-27 09:05:30
item finish:61344576 2017-07-27 09:05:31
item finish:61351748 2017-07-27 09:05:32
item finish:61256517 2017-07-27 09:05:33
item finish:61321579 2017-07-27 09:05:34
item finish:60916823 2017-07-27 09:05:34
item finish:61253956 2017-07-27 09:05:34
item finish:61329655 2017-07-27 09:05:35
item finish:61068368 2017-07-27 09:05:36
item finish:61303137 2017-07-27 09:05:38
item finish:61284338 2017-07-27 09:05:39
item finish:61158764 2017-07-27 09:05:39
item finish:61121775 2017-07-27 09:05:40
item finish:61127191 2017-07-27 09:05:41
item finish:61354974 2017-07-27 09:05:42
item finish:61332659 2017-07-27 09:05:42
item finish:1000182217 2017-07-27 09:05:43
item finish:61353992 2017-07-27 09:05:44
item finish:61332036 2017-07-27 09:05:45
item finish:61350602 2017-07-27 09:05:45
item finish:61345374 2017-07-27 09:05:46
item finish:1000181534 2017-07-27 09:05:46
item finish:61329047 2017-07-27 09:05:47
item finish:61355950 2017-07-27 09:05:49
item finish:61337580 2017-07-27 09:05:50
item finish:58657028 2017-07-27 09:05:50
item finish:61239056 2017-07-27 09:05:51
item finish:61309960 2017-07-27 09:05:51
item finish:61306947 2017-07-27 09:05:52
item finish:61322051 2017-07-27 09:05:52
item finish:61354683 2017-07-27 09:05:53
item finish:1000181801 2017-07-27 09:05:53
item finish:61275713 2017-07-27 09:05:54
item finish:61349038 2017-07-27 09:05:54
item finish:61119001 2017-07-27 09:05:55
item finish:61349145 2017-07-27 09:05:55
item finish:61345506 2017-07-27 09:05:56
item finish:61333656 2017-07-27 09:05:57
item finish:1000181635 2017-07-27 09:05:58
item finish:61343516 2017-07-27 09:05:59
item finish:61354012 2017-07-27 09:05:59
item finish:61351048 2017-07-27 09:06:00
item finish:61347528 2017-07-27 09:06:01
item finish:61129641 2017-07-27 09:06:01
item finish:61131563 2017-07-27 09:06:02
item finish:61333700 2017-07-27 09:06:02
item finish:61334306 2017-07-27 09:06:03
item finish:61307933 2017-07-27 09:06:03
item finish:61316603 2017-07-27 09:06:04
item finish:61179158 2017-07-27 09:06:05
item finish:60946363 2017-07-27 09:06:05
item finish:61319635 2017-07-27 09:06:06
item finish:60935058 2017-07-27 09:06:06
item finish:61329695 2017-07-27 09:06:07
item finish:60627437 2017-07-27 09:06:08
item finish:61337112 2017-07-27 09:06:09
item finish:61267444 2017-07-27 09:06:09
item finish:61274029 2017-07-27 09:06:10
item finish:61330434 2017-07-27 09:06:10
item finish:61269203 2017-07-27 09:06:11
item finish:1000182677 2017-07-27 09:06:12
item finish:56550813 2017-07-27 09:06:13
item finish:61099705 2017-07-27 09:06:13
item finish:60877690 2017-07-27 09:06:14
item finish:61292186 2017-07-27 09:06:14
item finish:1000182450 2017-07-27 09:06:15
item finish:1000182890 2017-07-27 09:06:15
item finish:61262815 2017-07-27 09:06:16
item finish:61258381 2017-07-27 09:06:17
item finish:61342568 2017-07-27 09:06:19
item finish:60734101 2017-07-27 09:06:19
item finish:61328476 2017-07-27 09:06:20
item finish:61037202 2017-07-27 09:06:20
item finish:61306376 2017-07-27 09:06:21
item finish:1000182049 2017-07-27 09:06:22
item finish:1000182302 2017-07-27 09:06:22
item finish:61344831 2017-07-27 09:06:23
item finish:61145492 2017-07-27 09:06:23
item finish:61352234 2017-07-27 09:06:25
item finish:61102616 2017-07-27 09:06:25
item finish:61348234 2017-07-27 09:06:25
item finish:1000181836 2017-07-27 09:06:26
item finish:61335860 2017-07-27 09:06:26
item finish:61327631 2017-07-27 09:06:27
item finish:61327663 2017-07-27 09:06:29
item finish:61316920 2017-07-27 09:06:30
item finish:61332446 2017-07-27 09:06:31
item finish:61355067 2017-07-27 09:06:31
item finish:60757329 2017-07-27 09:06:31
item finish:61308129 2017-07-27 09:06:32
item finish:61337609 2017-07-27 09:06:32
item finish:60039325 2017-07-27 09:06:33
item finish:61121307 2017-07-27 09:06:33
item finish:61307519 2017-07-27 09:06:33
item finish:61260528 2017-07-27 09:06:37
item finish:1000182375 2017-07-27 09:06:37
item finish:60657762 2017-07-27 09:06:38
item finish:61315888 2017-07-27 09:06:38
item finish:61293753 2017-07-27 09:06:39
item finish:60945134 2017-07-27 09:06:40
item finish:61188607 2017-07-27 09:06:40
item finish:61308007 2017-07-27 09:06:40
item finish:61075231 2017-07-27 09:06:43
item finish:61337838 2017-07-27 09:06:43
item finish:61321388 2017-07-27 09:06:44
item finish:1000182041 2017-07-27 09:06:45
item finish:61318317 2017-07-27 09:06:45
item finish:61305933 2017-07-27 09:06:46
item finish:61294264 2017-07-27 09:06:46
item finish:61350400 2017-07-27 09:06:46
item finish:61354485 2017-07-27 09:06:47
item finish:61357276 2017-07-27 09:06:48
item finish:59094364 2017-07-27 09:06:48
item finish:61356339 2017-07-27 09:06:49
item finish:60925210 2017-07-27 09:06:49
item finish:1000182356 2017-07-27 09:06:50
item finish:61309993 2017-07-27 09:06:50
item finish:61347721 2017-07-27 09:06:51
item finish:61116767 2017-07-27 09:06:54
item finish:61305792 2017-07-27 09:06:55
item finish:1000181567 2017-07-27 09:06:59
item finish:61324647 2017-07-27 09:07:00
item finish:60823753 2017-07-27 09:07:01
item finish:61345673 2017-07-27 09:07:01
item finish:60363670 2017-07-27 09:07:02
item finish:61310958 2017-07-27 09:07:03
item finish:60725964 2017-07-27 09:07:04
item finish:61330067 2017-07-27 09:07:06
item finish:61349047 2017-07-27 09:07:06
item finish:1000182522 2017-07-27 09:07:07
item finish:1000182270 2017-07-27 09:07:07
item finish:59095875 2017-07-27 09:07:07
item finish:61005962 2017-07-27 09:07:08
item finish:61329001 2017-07-27 09:07:08
item finish:60284965 2017-07-27 09:07:09
item finish:61329923 2017-07-27 09:07:10
item finish:1000182945 2017-07-27 09:07:14
item finish:61229050 2017-07-27 09:07:15
item finish:60756477 2017-07-27 09:07:16
item finish:1000181227 2017-07-27 09:07:17
item finish:61281560 2017-07-27 09:07:17
item finish:61333929 2017-07-27 09:07:18
item finish:61308559 2017-07-27 09:07:18
item finish:61316593 2017-07-27 09:07:19
item finish:61353495 2017-07-27 09:07:20
item finish:61339127 2017-07-27 09:07:21
item finish:60973937 2017-07-27 09:07:22
item finish:61311590 2017-07-27 09:07:22
item finish:61037678 2017-07-27 09:07:23
item finish:61333872 2017-07-27 09:07:23
item finish:60921175 2017-07-27 09:07:23
item finish:61302180 2017-07-27 09:07:24
item finish:61305962 2017-07-27 09:07:25
item finish:61352829 2017-07-27 09:07:26
item finish:61315574 2017-07-27 09:07:27
item finish:61322828 2017-07-27 09:07:27
item finish:61349822 2017-07-27 09:07:28
item finish:61129332 2017-07-27 09:07:28
item finish:60434265 2017-07-27 09:07:30
item finish:61131668 2017-07-27 09:07:30
item state error:61314458 2017-07-27 09:07:31
item finish:61260496 2017-07-27 09:07:31
item finish:61171914 2017-07-27 09:07:31
item finish:58941848 2017-07-27 09:07:32
item finish:61054271 2017-07-27 09:07:33
item finish:61121919 2017-07-27 09:07:35
item finish:58728127 2017-07-27 09:07:36
item finish:61103334 2017-07-27 09:07:37
item finish:59456444 2017-07-27 09:07:37
item finish:61307926 2017-07-27 09:07:39
item finish:61134196 2017-07-27 09:07:39
item finish:1000182775 2017-07-27 09:07:40
item finish:1000182099 2017-07-27 09:07:40
item finish:61311309 2017-07-27 09:07:41
item finish:1000182665 2017-07-27 09:07:42
item finish:61352708 2017-07-27 09:07:43
item finish:60870093 2017-07-27 09:07:43
item finish:61324576 2017-07-27 09:07:44
item finish:61286601 2017-07-27 09:07:44
item finish:1000182920 2017-07-27 09:07:45
item finish:1000182580 2017-07-27 09:07:46
item finish:1000181380 2017-07-27 09:07:47
item finish:1000182744 2017-07-27 09:07:48
item finish:61331570 2017-07-27 09:07:49
item finish:61304304 2017-07-27 09:07:50
item finish:61350784 2017-07-27 09:07:51
item finish:61057306 2017-07-27 09:07:52
item finish:1000181967 2017-07-27 09:07:52
item finish:61163825 2017-07-27 09:07:53
item finish:1000181641 2017-07-27 09:07:53
item finish:1000181686 2017-07-27 09:07:54
item finish:61350686 2017-07-27 09:07:54
item finish:61135137 2017-07-27 09:07:54
item finish:61069284 2017-07-27 09:07:55
item finish:61331091 2017-07-27 09:07:55
item finish:61339131 2017-07-27 09:07:56
item finish:61346764 2017-07-27 09:07:59
item finish:61122569 2017-07-27 09:08:00
item finish:61346818 2017-07-27 09:08:01
item finish:61131406 2017-07-27 09:08:02
item finish:61348676 2017-07-27 09:08:03
item finish:61295675 2017-07-27 09:08:03
item finish:61343807 2017-07-27 09:08:04
item finish:60920422 2017-07-27 09:08:04
item finish:61346392 2017-07-27 09:08:05
item finish:61150491 2017-07-27 09:08:05
item finish:61348140 2017-07-27 09:08:05
item finish:61326132 2017-07-27 09:08:06
item finish:61309081 2017-07-27 09:08:07
item finish:1000181915 2017-07-27 09:08:09
item finish:61347688 2017-07-27 09:08:10
item finish:61223822 2017-07-27 09:08:10
item finish:61329461 2017-07-27 09:08:11
item finish:61342382 2017-07-27 09:08:11
item finish:61321357 2017-07-27 09:08:12
item state error:61350319 2017-07-27 09:08:12
item finish:61357187 2017-07-27 09:08:13
item finish:61119010 2017-07-27 09:08:15
item finish:61209624 2017-07-27 09:08:16
item finish:61326624 2017-07-27 09:08:16
item finish:1000182029 2017-07-27 09:08:17
item finish:61301853 2017-07-27 09:08:17
item finish:61306789 2017-07-27 09:08:19
item finish:61282597 2017-07-27 09:08:20
item finish:61304578 2017-07-27 09:08:21
item finish:61334852 2017-07-27 09:08:23
item finish:1000181972 2017-07-27 09:08:24
item finish:61054137 2017-07-27 09:08:24
item finish:60070052 2017-07-27 09:08:26
item finish:61349388 2017-07-27 09:08:29
item finish:1000182909 2017-07-27 09:08:31
item finish:61329741 2017-07-27 09:08:31
item finish:60454888 2017-07-27 09:08:31
item finish:61324474 2017-07-27 09:08:33
item finish:61336243 2017-07-27 09:08:34
item finish:1000182916 2017-07-27 09:08:34
item finish:61351615 2017-07-27 09:08:35
item finish:61349667 2017-07-27 09:08:36
item finish:61341238 2017-07-27 09:08:37
item finish:60615672 2017-07-27 09:08:37
item finish:61343533 2017-07-27 09:08:37
item finish:60635177 2017-07-27 09:08:38
item finish:61322034 2017-07-27 09:08:38
item finish:61263862 2017-07-27 09:08:39
item finish:61350739 2017-07-27 09:08:40
item finish:1000181795 2017-07-27 09:08:41
item finish:61253300 2017-07-27 09:08:41
item finish:61355896 2017-07-27 09:08:42
item finish:61300379 2017-07-27 09:08:42
item finish:60899540 2017-07-27 09:08:43
item finish:61056113 2017-07-27 09:08:43
item finish:1000182272 2017-07-27 09:08:44
item finish:61325947 2017-07-27 09:08:46
item finish:60493618 2017-07-27 09:08:46
item finish:61356262 2017-07-27 09:08:47
item finish:61353913 2017-07-27 09:08:47
item finish:1000181879 2017-07-27 09:08:48
item finish:61229944 2017-07-27 09:08:48
item finish:59975687 2017-07-27 09:08:49
item finish:61336259 2017-07-27 09:08:49
item finish:61331938 2017-07-27 09:08:50
item finish:61202474 2017-07-27 09:08:50
item finish:1000182885 2017-07-27 09:08:51
item finish:61356407 2017-07-27 09:08:52
item finish:1000181406 2017-07-27 09:08:53
item finish:61352494 2017-07-27 09:08:54
item finish:1000181618 2017-07-27 09:08:54
item finish:1000182207 2017-07-27 09:08:55
item finish:61134210 2017-07-27 09:08:55
item finish:61308912 2017-07-27 09:08:56
item finish:61051443 2017-07-27 09:08:58
item finish:61262091 2017-07-27 09:08:59
item finish:61061004 2017-07-27 09:09:00
item finish:61295634 2017-07-27 09:09:00
item finish:61166369 2017-07-27 09:09:01
item finish:61321910 2017-07-27 09:09:03
item finish:61308939 2017-07-27 09:09:03
item finish:61344762 2017-07-27 09:09:03
item finish:60870717 2017-07-27 09:09:04
item finish:61353557 2017-07-27 09:09:04
item finish:60923839 2017-07-27 09:09:05
item finish:61329801 2017-07-27 09:09:05
item finish:61253856 2017-07-27 09:09:08
item finish:61311515 2017-07-27 09:09:09
item finish:61351045 2017-07-27 09:09:09
item finish:61330007 2017-07-27 09:09:10
item finish:60646208 2017-07-27 09:09:10
item finish:61355645 2017-07-27 09:09:11
item finish:61130227 2017-07-27 09:09:11
item finish:61332065 2017-07-27 09:09:12
item finish:61048461 2017-07-27 09:09:13
item finish:61314238 2017-07-27 09:09:14
item finish:1000182912 2017-07-27 09:09:14
item finish:61303175 2017-07-27 09:09:15
item finish:61056669 2017-07-27 09:09:17
item finish:61304589 2017-07-27 09:09:18
item finish:1000181859 2017-07-27 09:09:18
item finish:61301984 2017-07-27 09:09:19
item finish:59004969 2017-07-27 09:09:19
item finish:60832653 2017-07-27 09:09:20
item finish:60915968 2017-07-27 09:09:21
item finish:61333536 2017-07-27 09:09:21
item finish:61314152 2017-07-27 09:09:21
item finish:60870966 2017-07-27 09:09:22
item finish:61311233 2017-07-27 09:09:23
item finish:1000181885 2017-07-27 09:09:23
item finish:61322151 2017-07-27 09:09:27
item finish:61342830 2017-07-27 09:09:27
item finish:61067420 2017-07-27 09:09:28
item finish:61354056 2017-07-27 09:09:28
item finish:60313974 2017-07-27 09:09:28
item finish:1000182469 2017-07-27 09:09:29
item finish:61304154 2017-07-27 09:09:31
item finish:61330504 2017-07-27 09:09:32
item finish:60838387 2017-07-27 09:09:33
item finish:61316442 2017-07-27 09:09:33
item finish:61345337 2017-07-27 09:09:33
item finish:61100761 2017-07-27 09:09:34
item finish:61307229 2017-07-27 09:09:35
item finish:61197096 2017-07-27 09:09:36
item finish:61050615 2017-07-27 09:09:38
item finish:61089848 2017-07-27 09:09:39
item finish:1000181672 2017-07-27 09:09:39
item finish:61317201 2017-07-27 09:09:41
item finish:1000181651 2017-07-27 09:09:42
item finish:61038244 2017-07-27 09:09:42
item finish:61119679 2017-07-27 09:09:43
item finish:1000182712 2017-07-27 09:09:44
item state error:61315410 2017-07-27 09:09:45
item finish:1000182256 2017-07-27 09:09:45
item finish:61131744 2017-07-27 09:09:48
item finish:61351807 2017-07-27 09:09:48
item finish:61314590 2017-07-27 09:09:49
item finish:61347794 2017-07-27 09:09:50
item finish:60690732 2017-07-27 09:09:51
item finish:61306095 2017-07-27 09:09:51
item finish:60450500 2017-07-27 09:09:52
item finish:61004500 2017-07-27 09:09:52
item finish:59008544 2017-07-27 09:09:53
item finish:61156353 2017-07-27 09:09:53
item finish:61210645 2017-07-27 09:09:53
item finish:61089754 2017-07-27 09:09:54
item state error:61314844 2017-07-27 09:09:58
item finish:1000182789 2017-07-27 09:10:00
item finish:61321372 2017-07-27 09:10:00
item finish:1000181666 2017-07-27 09:10:00
item finish:1000181996 2017-07-27 09:10:01
item finish:61292485 2017-07-27 09:10:01
item finish:1000182453 2017-07-27 09:10:05
item finish:60998521 2017-07-27 09:10:06
item finish:61322236 2017-07-27 09:10:07
item finish:61119208 2017-07-27 09:10:08
item finish:61111581 2017-07-27 09:10:08
item finish:61352369 2017-07-27 09:10:09
item finish:61354231 2017-07-27 09:10:10
item finish:61337052 2017-07-27 09:10:11
item finish:1000182130 2017-07-27 09:10:12
item finish:1000181968 2017-07-27 09:10:12
item finish:61314321 2017-07-27 09:10:13
item finish:61308720 2017-07-27 09:10:15
item finish:1000181851 2017-07-27 09:10:15
item finish:58831062 2017-07-27 09:10:16
item finish:1000182444 2017-07-27 09:10:16
item finish:60911227 2017-07-27 09:10:17
item finish:61323750 2017-07-27 09:10:17
item finish:61355382 2017-07-27 09:10:18
item finish:61332766 2017-07-27 09:10:19
item finish:61353112 2017-07-27 09:10:20
item finish:61279254 2017-07-27 09:10:21
item finish:60909273 2017-07-27 09:10:22
item finish:61354889 2017-07-27 09:10:23
item finish:61350186 2017-07-27 09:10:23
item finish:61130238 2017-07-27 09:10:24
item finish:61349369 2017-07-27 09:10:24
item finish:61354342 2017-07-27 09:10:25
item finish:1000181759 2017-07-27 09:10:26
item finish:61311735 2017-07-27 09:10:27
item finish:61305012 2017-07-27 09:10:28
item finish:1000182125 2017-07-27 09:10:28
item finish:59590875 2017-07-27 09:10:28
item finish:1000182883 2017-07-27 09:10:30
item finish:61355758 2017-07-27 09:10:30
item finish:61347402 2017-07-27 09:10:31
item finish:61317885 2017-07-27 09:10:31
item finish:59714642 2017-07-27 09:10:32
item finish:61194203 2017-07-27 09:10:34
item finish:1000181986 2017-07-27 09:10:36
item finish:61123243 2017-07-27 09:10:38
item finish:61355336 2017-07-27 09:10:38
item finish:1000182028 2017-07-27 09:10:39
item finish:61060336 2017-07-27 09:10:39
item finish:61120265 2017-07-27 09:10:40
item finish:61135331 2017-07-27 09:10:45
item finish:1000182565 2017-07-27 09:10:46
item finish:60875582 2017-07-27 09:10:46
item finish:61132334 2017-07-27 09:10:47
item finish:61321632 2017-07-27 09:10:48
item finish:61219968 2017-07-27 09:10:48
item finish:61308268 2017-07-27 09:10:49
item finish:1000181687 2017-07-27 09:10:50
item finish:61326190 2017-07-27 09:10:50
item finish:1000182428 2017-07-27 09:10:51
item finish:1000182344 2017-07-27 09:10:51
item finish:1000182675 2017-07-27 09:10:52
item finish:61330786 2017-07-27 09:10:53
item finish:61306283 2017-07-27 09:10:54
item finish:61352238 2017-07-27 09:10:54
item finish:61339128 2017-07-27 09:10:55
item finish:61318991 2017-07-27 09:10:56
item finish:61130601 2017-07-27 09:10:57
item finish:61286690 2017-07-27 09:10:58
item finish:61325111 2017-07-27 09:10:59
item finish:61349482 2017-07-27 09:11:00
item finish:61132457 2017-07-27 09:11:01
item finish:61129400 2017-07-27 09:11:01
item finish:61209620 2017-07-27 09:11:01
item finish:1000181740 2017-07-27 09:11:02
item finish:1000182433 2017-07-27 09:11:02
item finish:61357212 2017-07-27 09:11:03
item finish:60683640 2017-07-27 09:11:05
item finish:61350780 2017-07-27 09:11:06
item finish:60919550 2017-07-27 09:11:07
item finish:61117559 2017-07-27 09:11:07
item finish:60893323 2017-07-27 09:11:08
item finish:61164829 2017-07-27 09:11:09
item finish:1000182027 2017-07-27 09:11:10
item finish:61308270 2017-07-27 09:11:11
item finish:61315989 2017-07-27 09:11:12
item finish:61354688 2017-07-27 09:11:14
item finish:61354280 2017-07-27 09:11:14
item finish:61310521 2017-07-27 09:11:15
item finish:61340385 2017-07-27 09:11:15
item finish:61310282 2017-07-27 09:11:16
item finish:60901309 2017-07-27 09:11:16
item finish:61312451 2017-07-27 09:11:17
item finish:61120870 2017-07-27 09:11:17
item finish:61323865 2017-07-27 09:11:19
item finish:61317652 2017-07-27 09:11:21
item finish:61127461 2017-07-27 09:11:22
item finish:60671879 2017-07-27 09:11:24
item finish:61337738 2017-07-27 09:11:25
item finish:61356701 2017-07-27 09:11:25
item finish:61133085 2017-07-27 09:11:26
item finish:61285919 2017-07-27 09:11:26
item finish:1000182175 2017-07-27 09:11:32
item finish:61183182 2017-07-27 09:11:32
item finish:61345513 2017-07-27 09:11:33
item finish:61279007 2017-07-27 09:11:34
item finish:61065599 2017-07-27 09:11:34
item finish:61310916 2017-07-27 09:11:35
item finish:61333022 2017-07-27 09:11:35
item finish:61351744 2017-07-27 09:11:36
item finish:61060294 2017-07-27 09:11:37
item finish:60122410 2017-07-27 09:11:38
item finish:61337204 2017-07-27 09:11:38
item finish:61353254 2017-07-27 09:11:39
item finish:61354165 2017-07-27 09:11:40
item finish:61340105 2017-07-27 09:11:41
item finish:1000182948 2017-07-27 09:11:41
item finish:61248933 2017-07-27 09:11:42
item finish:61351455 2017-07-27 09:11:42
item finish:61214018 2017-07-27 09:11:43
item finish:61311416 2017-07-27 09:11:44
item finish:61347676 2017-07-27 09:11:44
item finish:60698463 2017-07-27 09:11:45
item finish:1000181378 2017-07-27 09:11:46
item finish:61221772 2017-07-27 09:11:46
item finish:61313299 2017-07-27 09:11:47
item finish:1000182518 2017-07-27 09:11:49
item finish:61349115 2017-07-27 09:11:50
item finish:1000182144 2017-07-27 09:11:50
item finish:60891844 2017-07-27 09:11:51
item finish:61291125 2017-07-27 09:11:51
item finish:61356012 2017-07-27 09:11:52
item finish:61295132 2017-07-27 09:11:53
item finish:61308952 2017-07-27 09:11:54
item finish:1000182083 2017-07-27 09:11:54
item finish:61056855 2017-07-27 09:11:55
item finish:1000182009 2017-07-27 09:11:55
item finish:1000182393 2017-07-27 09:11:56
item finish:60689783 2017-07-27 09:12:02
item finish:61301809 2017-07-27 09:12:02
item finish:61355208 2017-07-27 09:12:03
item finish:61042226 2017-07-27 09:12:04
item finish:61130308 2017-07-27 09:12:05
item finish:61249347 2017-07-27 09:12:05
item finish:60917995 2017-07-27 09:12:06
item finish:61085817 2017-07-27 09:12:07
item finish:1000182013 2017-07-27 09:12:08
item finish:61351055 2017-07-27 09:12:09
item finish:61342487 2017-07-27 09:12:11
item finish:61314077 2017-07-27 09:12:12
item finish:61133783 2017-07-27 09:12:12
item finish:61120962 2017-07-27 09:12:13
item finish:1000182317 2017-07-27 09:12:13
item finish:61349389 2017-07-27 09:12:14
item finish:61304727 2017-07-27 09:12:15
item finish:59334269 2017-07-27 09:12:15
item finish:61356163 2017-07-27 09:12:16
item finish:61331926 2017-07-27 09:12:17
item finish:1000181819 2017-07-27 09:12:18
item finish:1000182339 2017-07-27 09:12:19
item finish:61075524 2017-07-27 09:12:20
item finish:60673350 2017-07-27 09:12:21
item finish:61305319 2017-07-27 09:12:22
item finish:60493304 2017-07-27 09:12:23
item finish:61116810 2017-07-27 09:12:24
item finish:1000182952 2017-07-27 09:12:24
item finish:61306661 2017-07-27 09:12:25
item finish:61259069 2017-07-27 09:12:25
item finish:61284014 2017-07-27 09:12:27
item finish:61353759 2017-07-27 09:12:28
item finish:60882225 2017-07-27 09:12:29
item finish:61127166 2017-07-27 09:12:30
item finish:61296651 2017-07-27 09:12:32
item finish:61355297 2017-07-27 09:12:32
item finish:61334080 2017-07-27 09:12:32
item finish:61332832 2017-07-27 09:12:33
item finish:61215446 2017-07-27 09:12:34
item finish:59606634 2017-07-27 09:12:34
item finish:61342931 2017-07-27 09:12:35
item finish:61288255 2017-07-27 09:12:36
item finish:61354438 2017-07-27 09:12:37
item finish:61351184 2017-07-27 09:12:38
item finish:61355726 2017-07-27 09:12:38
item finish:61348390 2017-07-27 09:12:39
item finish:61358118 2017-07-27 09:12:41
item finish:60317709 2017-07-27 09:12:41
item finish:61355566 2017-07-27 09:12:42
item finish:61304812 2017-07-27 09:12:43
item finish:61187603 2017-07-27 09:12:44
item finish:1000181488 2017-07-27 09:12:45
item finish:1000182632 2017-07-27 09:12:46
item finish:61119620 2017-07-27 09:12:46
item finish:1000182798 2017-07-27 09:12:47
item state error:61348724 2017-07-27 09:12:48
item finish:60874787 2017-07-27 09:12:48
item finish:61055875 2017-07-27 09:12:48
item finish:61121023 2017-07-27 09:12:50
item finish:61293356 2017-07-27 09:12:51
item finish:61337472 2017-07-27 09:12:53
item finish:59671475 2017-07-27 09:12:54
item finish:1000182223 2017-07-27 09:12:54
item finish:61300969 2017-07-27 09:12:55
item finish:1000182090 2017-07-27 09:12:55
item finish:1000182781 2017-07-27 09:12:56
item finish:61308823 2017-07-27 09:12:56
item finish:61067032 2017-07-27 09:12:57
item finish:1000182377 2017-07-27 09:12:58
item finish:61304349 2017-07-27 09:12:58
item finish:61283717 2017-07-27 09:12:59
item finish:1000182566 2017-07-27 09:13:00
item finish:61353664 2017-07-27 09:13:00
item finish:60907446 2017-07-27 09:13:00
item finish:61266059 2017-07-27 09:13:01
item finish:1000182432 2017-07-27 09:13:01
item finish:1000181421 2017-07-27 09:13:03
item finish:59603024 2017-07-27 09:13:03
item finish:61352702 2017-07-27 09:13:04
item finish:61327596 2017-07-27 09:13:05
item finish:61333893 2017-07-27 09:13:05
item finish:58808657 2017-07-27 09:13:07
item finish:61352563 2017-07-27 09:13:07
item finish:61352582 2017-07-27 09:13:08
item finish:61118116 2017-07-27 09:13:08
item finish:61070715 2017-07-27 09:13:09
item finish:59162332 2017-07-27 09:13:09
item finish:58687825 2017-07-27 09:13:10
item finish:61345324 2017-07-27 09:13:11
item finish:61120538 2017-07-27 09:13:11
item finish:61032394 2017-07-27 09:13:12
item finish:61222646 2017-07-27 09:13:13
item finish:61190168 2017-07-27 09:13:13
item finish:60899216 2017-07-27 09:13:14
item finish:61307422 2017-07-27 09:13:14
item finish:61148751 2017-07-27 09:13:15
item finish:61352105 2017-07-27 09:13:15
item finish:60059165 2017-07-27 09:13:15
item finish:60869457 2017-07-27 09:13:15
item finish:61341813 2017-07-27 09:13:16
item finish:61272421 2017-07-27 09:13:17
item finish:61333784 2017-07-27 09:13:20
item finish:61122805 2017-07-27 09:13:20
item finish:1000181698 2017-07-27 09:13:21
item finish:61309070 2017-07-27 09:13:22
item finish:61335856 2017-07-27 09:13:23
item finish:60906333 2017-07-27 09:13:23
item finish:61076388 2017-07-27 09:13:24
item finish:61307931 2017-07-27 09:13:25
item finish:61327374 2017-07-27 09:13:25
item finish:61355794 2017-07-27 09:13:27
item finish:61291099 2017-07-27 09:13:29
item finish:1000181256 2017-07-27 09:13:31
item finish:60807293 2017-07-27 09:13:31
item finish:61330902 2017-07-27 09:13:31
item finish:61309693 2017-07-27 09:13:33
item finish:61129692 2017-07-27 09:13:33
item finish:61344854 2017-07-27 09:13:34
item finish:1000181725 2017-07-27 09:13:35
item finish:61263757 2017-07-27 09:13:35
item finish:61303602 2017-07-27 09:13:35
item finish:61353665 2017-07-27 09:13:36
item finish:61296037 2017-07-27 09:13:36
item finish:61333018 2017-07-27 09:13:36
item finish:60826478 2017-07-27 09:13:37
item finish:61356658 2017-07-27 09:13:38
item finish:61304912 2017-07-27 09:13:42
item finish:61303460 2017-07-27 09:13:42
item finish:61332912 2017-07-27 09:13:42
item finish:61310704 2017-07-27 09:13:43
item finish:61336257 2017-07-27 09:13:44
item finish:61324580 2017-07-27 09:13:45
item finish:58803466 2017-07-27 09:13:45
item finish:61333573 2017-07-27 09:13:45
item finish:1000182031 2017-07-27 09:13:46
item finish:61266478 2017-07-27 09:13:46
item finish:1000182279 2017-07-27 09:13:47
item state error:61336251 2017-07-27 09:13:48
item finish:61323120 2017-07-27 09:13:48
item finish:61290904 2017-07-27 09:13:48
item finish:61317094 2017-07-27 09:13:49
item finish:60897119 2017-07-27 09:13:49
item finish:61310706 2017-07-27 09:13:51
item finish:1000182000 2017-07-27 09:13:51
item finish:58776416 2017-07-27 09:13:52
item finish:1000182635 2017-07-27 09:13:52
item finish:61294404 2017-07-27 09:13:53
item finish:61067727 2017-07-27 09:13:56
item finish:61351649 2017-07-27 09:13:57
item finish:61352134 2017-07-27 09:13:57
item finish:61351073 2017-07-27 09:13:58
item finish:61294846 2017-07-27 09:13:58
item finish:61117079 2017-07-27 09:13:59
item finish:61128410 2017-07-27 09:14:00
item finish:61321986 2017-07-27 09:14:01
item finish:61008906 2017-07-27 09:14:01
item finish:61310565 2017-07-27 09:14:02
item finish:61308712 2017-07-27 09:14:02
item finish:61320927 2017-07-27 09:14:02
item finish:61316359 2017-07-27 09:14:04
item finish:61133829 2017-07-27 09:14:04
item finish:60964217 2017-07-27 09:14:05
item finish:61317494 2017-07-27 09:14:05
item finish:61314979 2017-07-27 09:14:06
item finish:61134112 2017-07-27 09:14:06
item finish:60787858 2017-07-27 09:14:07
item finish:61333877 2017-07-27 09:14:10
item finish:1000181558 2017-07-27 09:14:12
item finish:61351479 2017-07-27 09:14:12
item finish:61282411 2017-07-27 09:14:12
item finish:1000182517 2017-07-27 09:14:13
item finish:1000182814 2017-07-27 09:14:14
item finish:1000181358 2017-07-27 09:14:15
item finish:1000181434 2017-07-27 09:14:16
item finish:61296484 2017-07-27 09:14:17
item finish:61336148 2017-07-27 09:14:18
item finish:61041650 2017-07-27 09:14:18
item finish:61133770 2017-07-27 09:14:19
item state error:61113714 2017-07-27 09:14:21
item finish:61126127 2017-07-27 09:14:21
item finish:61357285 2017-07-27 09:14:21
item finish:61100691 2017-07-27 09:14:22
item finish:61133492 2017-07-27 09:14:23
item finish:61046911 2017-07-27 09:14:23
item finish:58939361 2017-07-27 09:14:24
item finish:61354016 2017-07-27 09:14:26
item finish:61186777 2017-07-27 09:14:26
item finish:61342952 2017-07-27 09:14:27
item finish:61261581 2017-07-27 09:14:27
item finish:61248517 2017-07-27 09:14:29
item finish:61335593 2017-07-27 09:14:29
item finish:61348957 2017-07-27 09:14:30
item finish:61232730 2017-07-27 09:14:31
item finish:61351588 2017-07-27 09:14:31
item finish:61355082 2017-07-27 09:14:32
item finish:60843787 2017-07-27 09:14:32
item finish:61311341 2017-07-27 09:14:33
item finish:61351753 2017-07-27 09:14:33
item finish:60645670 2017-07-27 09:14:34
item finish:61352545 2017-07-27 09:14:35
item finish:61339590 2017-07-27 09:14:36
item finish:61355283 2017-07-27 09:14:36
item finish:1000182107 2017-07-27 09:14:38
item finish:61203774 2017-07-27 09:14:39
item finish:60886888 2017-07-27 09:14:39
item finish:61321432 2017-07-27 09:14:40
item finish:61267737 2017-07-27 09:14:42
item finish:61352780 2017-07-27 09:14:43
item finish:57598019 2017-07-27 09:14:43
item finish:61307484 2017-07-27 09:14:43
item finish:60820006 2017-07-27 09:14:44
item finish:61108436 2017-07-27 09:14:45
item finish:61343938 2017-07-27 09:14:46
item finish:1000182238 2017-07-27 09:14:47
item finish:1000182891 2017-07-27 09:14:48
item finish:1000182495 2017-07-27 09:14:48
item finish:61210635 2017-07-27 09:14:49
item finish:1000182258 2017-07-27 09:14:51
item finish:61132246 2017-07-27 09:14:51
item finish:61299701 2017-07-27 09:14:52
item finish:60991865 2017-07-27 09:14:52
item finish:61353386 2017-07-27 09:14:52
item finish:61315552 2017-07-27 09:14:53
item finish:61325634 2017-07-27 09:14:54
item finish:1000181467 2017-07-27 09:14:56
item finish:60961192 2017-07-27 09:14:56
item finish:61302503 2017-07-27 09:14:56
item finish:61354830 2017-07-27 09:15:00
item finish:61326154 2017-07-27 09:15:01
item finish:61329993 2017-07-27 09:15:01
item finish:61327750 2017-07-27 09:15:02
item finish:1000181970 2017-07-27 09:15:03
item finish:61340133 2017-07-27 09:15:03
item finish:61016061 2017-07-27 09:15:04
item finish:61355272 2017-07-27 09:15:05
item finish:61337975 2017-07-27 09:15:06
item finish:61132202 2017-07-27 09:15:06
item finish:61352236 2017-07-27 09:15:07
item finish:1000182214 2017-07-27 09:15:08
item finish:60607672 2017-07-27 09:15:09
item finish:61129469 2017-07-27 09:15:10
item finish:61312025 2017-07-27 09:15:10
item finish:61083662 2017-07-27 09:15:11
item finish:60918217 2017-07-27 09:15:13
item finish:1000181349 2017-07-27 09:15:14
item finish:1000181824 2017-07-27 09:15:14
item finish:61129586 2017-07-27 09:15:15
item finish:61337248 2017-07-27 09:15:16
item finish:1000182374 2017-07-27 09:15:17
item finish:61288366 2017-07-27 09:15:17
item finish:61347115 2017-07-27 09:15:18
item finish:61094492 2017-07-27 09:15:20
item finish:61345376 2017-07-27 09:15:20
item finish:61354997 2017-07-27 09:15:20
item finish:61291624 2017-07-27 09:15:21
item finish:61319206 2017-07-27 09:15:22
item finish:61336294 2017-07-27 09:15:23
item finish:61326500 2017-07-27 09:15:23
item finish:61249170 2017-07-27 09:15:24
item finish:61323212 2017-07-27 09:15:24
item finish:61293402 2017-07-27 09:15:25
item finish:60621725 2017-07-27 09:15:26
item finish:61131218 2017-07-27 09:15:27
item finish:61307856 2017-07-27 09:15:29
item finish:61320869 2017-07-27 09:15:29
item finish:1000182160 2017-07-27 09:15:30
item finish:61121212 2017-07-27 09:15:30
item finish:61354057 2017-07-27 09:15:30
item finish:1000182559 2017-07-27 09:15:32
item finish:60886702 2017-07-27 09:15:32
item finish:61353337 2017-07-27 09:15:33
item finish:61326693 2017-07-27 09:15:34
item finish:61266769 2017-07-27 09:15:35
item finish:61104410 2017-07-27 09:15:36
item finish:61325868 2017-07-27 09:15:37
item finish:1000182661 2017-07-27 09:15:37
item finish:61352890 2017-07-27 09:15:38
item finish:61305312 2017-07-27 09:15:38
item finish:61288558 2017-07-27 09:15:39
item finish:61322723 2017-07-27 09:15:39
item finish:1000182156 2017-07-27 09:15:39
item finish:60873983 2017-07-27 09:15:40
item finish:61345481 2017-07-27 09:15:41
item finish:60890339 2017-07-27 09:15:44
item finish:61353522 2017-07-27 09:15:45
item finish:61292058 2017-07-27 09:15:45
item finish:60917163 2017-07-27 09:15:45
item finish:61118272 2017-07-27 09:15:46
item finish:61325643 2017-07-27 09:15:46
item finish:61348302 2017-07-27 09:15:47
item finish:1000182274 2017-07-27 09:15:47
item finish:61280641 2017-07-27 09:15:47
item finish:1000182284 2017-07-27 09:15:49
item finish:61322423 2017-07-27 09:15:51
item finish:61356493 2017-07-27 09:15:51
item finish:59783864 2017-07-27 09:15:51
item finish:61354248 2017-07-27 09:15:52
item finish:61331475 2017-07-27 09:15:52
item finish:61132156 2017-07-27 09:15:53
item finish:61046916 2017-07-27 09:15:53
item finish:61350682 2017-07-27 09:15:53
item finish:61329936 2017-07-27 09:15:56
item finish:61280432 2017-07-27 09:15:57
item finish:1000182220 2017-07-27 09:15:57
item finish:60829544 2017-07-27 09:15:57
item finish:59607449 2017-07-27 09:15:58
item finish:61130588 2017-07-27 09:15:58
item finish:61115991 2017-07-27 09:15:59
item finish:61333273 2017-07-27 09:16:00
item finish:61310678 2017-07-27 09:16:01
item finish:61354456 2017-07-27 09:16:02
item finish:61121331 2017-07-27 09:16:02
item finish:61187005 2017-07-27 09:16:03
item finish:61203926 2017-07-27 09:16:03
item finish:60554312 2017-07-27 09:16:04
item finish:1000182069 2017-07-27 09:16:04
item finish:60779517 2017-07-27 09:16:05
item finish:1000181544 2017-07-27 09:16:05
item finish:61062678 2017-07-27 09:16:05
item finish:61116022 2017-07-27 09:16:06
item finish:61352365 2017-07-27 09:16:06
item finish:61345523 2017-07-27 09:16:07
item finish:60868792 2017-07-27 09:16:09
item finish:61325272 2017-07-27 09:16:09
item finish:61314340 2017-07-27 09:16:10
item finish:61330888 2017-07-27 09:16:11
item finish:61299888 2017-07-27 09:16:12
item finish:61314924 2017-07-27 09:16:12
item finish:61110532 2017-07-27 09:16:13
item finish:61342818 2017-07-27 09:16:13
item finish:61198890 2017-07-27 09:16:14
item finish:60893075 2017-07-27 09:16:15
item finish:60224144 2017-07-27 09:16:16
item finish:61353388 2017-07-27 09:16:16
item finish:1000182729 2017-07-27 09:16:17
item finish:61355907 2017-07-27 09:16:18
item finish:1000181274 2017-07-27 09:16:19
item finish:61314258 2017-07-27 09:16:19
item finish:61331094 2017-07-27 09:16:20
item finish:61351703 2017-07-27 09:16:20
item finish:61132944 2017-07-27 09:16:21
item finish:1000181691 2017-07-27 09:16:22
item finish:60886481 2017-07-27 09:16:22
item finish:61353436 2017-07-27 09:16:23
item finish:60924265 2017-07-27 09:16:23
item finish:1000181837 2017-07-27 09:16:24
item finish:61118305 2017-07-27 09:16:25
item finish:61291152 2017-07-27 09:16:25
item finish:61346736 2017-07-27 09:16:25
item finish:60924743 2017-07-27 09:16:26
item finish:61123468 2017-07-27 09:16:27
item finish:61343847 2017-07-27 09:16:28
item finish:61325769 2017-07-27 09:16:28
item finish:60912078 2017-07-27 09:16:30
item finish:61339402 2017-07-27 09:16:31
item finish:61308906 2017-07-27 09:16:31
item finish:61340168 2017-07-27 09:16:31
item finish:61321746 2017-07-27 09:16:33
item finish:61355144 2017-07-27 09:16:33
item finish:61106302 2017-07-27 09:16:33
item finish:61332003 2017-07-27 09:16:37
item finish:1000182869 2017-07-27 09:16:38
item finish:1000182340 2017-07-27 09:16:38
item finish:61323450 2017-07-27 09:16:39
item finish:61333313 2017-07-27 09:16:39
item finish:1000182937 2017-07-27 09:16:40
item finish:61356942 2017-07-27 09:16:41
item finish:61332353 2017-07-27 09:16:42
item finish:61331098 2017-07-27 09:16:42
item finish:61341417 2017-07-27 09:16:42
item finish:1000181562 2017-07-27 09:16:43
item finish:1000182873 2017-07-27 09:16:45
item finish:1000182271 2017-07-27 09:16:47
item finish:1000182042 2017-07-27 09:16:48
item finish:1000181864 2017-07-27 09:16:48
item finish:61073339 2017-07-27 09:16:49
item finish:60883504 2017-07-27 09:16:50
item finish:61327508 2017-07-27 09:16:51
item finish:60442228 2017-07-27 09:16:51
item finish:61354900 2017-07-27 09:16:52
item finish:61353375 2017-07-27 09:16:53
item finish:61350999 2017-07-27 09:16:54
item finish:60976394 2017-07-27 09:16:55
item finish:61330662 2017-07-27 09:16:56
item finish:61102929 2017-07-27 09:16:56
item finish:61334839 2017-07-27 09:16:57
item finish:61355256 2017-07-27 09:16:57
item finish:61125711 2017-07-27 09:16:58
item finish:1000181991 2017-07-27 09:16:58
item finish:61341649 2017-07-27 09:16:59
item finish:61167961 2017-07-27 09:16:59
item finish:60839825 2017-07-27 09:17:01
item finish:60976026 2017-07-27 09:17:01
item finish:61347722 2017-07-27 09:17:02
item state error:61329940 2017-07-27 09:17:02
item finish:61329926 2017-07-27 09:17:03
item state error:61314928 2017-07-27 09:17:03
item finish:61129467 2017-07-27 09:17:04
item finish:61353714 2017-07-27 09:17:06
item finish:1000182380 2017-07-27 09:17:06
item finish:61330806 2017-07-27 09:17:07
item finish:61305363 2017-07-27 09:17:09
item finish:1000182851 2017-07-27 09:17:10
item finish:1000182066 2017-07-27 09:17:11
item finish:61348364 2017-07-27 09:17:11
item finish:61134822 2017-07-27 09:17:11
item finish:61114580 2017-07-27 09:17:17
item finish:61337983 2017-07-27 09:17:18
item finish:61356727 2017-07-27 09:17:18
item finish:61332653 2017-07-27 09:17:19
item finish:61136246 2017-07-27 09:17:20
item finish:61303206 2017-07-27 09:17:21
item finish:61317285 2017-07-27 09:17:21
item finish:61352651 2017-07-27 09:17:23
item finish:61356301 2017-07-27 09:17:24
item finish:61321536 2017-07-27 09:17:25
item finish:61358089 2017-07-27 09:17:25
item finish:60927285 2017-07-27 09:17:26
item finish:61355933 2017-07-27 09:17:27
item finish:61356587 2017-07-27 09:17:27
item finish:1000181763 2017-07-27 09:17:28
item finish:61107138 2017-07-27 09:17:29
item finish:61311587 2017-07-27 09:17:30
item finish:61098406 2017-07-27 09:17:30
item finish:61355682 2017-07-27 09:17:31
item finish:61304638 2017-07-27 09:17:31
item finish:61328854 2017-07-27 09:17:32
item finish:61319272 2017-07-27 09:17:33
item finish:1000181443 2017-07-27 09:17:35
item finish:1000182131 2017-07-27 09:17:36
item finish:61328033 2017-07-27 09:17:36
item finish:61256262 2017-07-27 09:17:37
item finish:60867817 2017-07-27 09:17:37
item finish:61283802 2017-07-27 09:17:38
item finish:60763726 2017-07-27 09:17:38
item finish:60404633 2017-07-27 09:17:40
item finish:61352066 2017-07-27 09:17:40
item finish:58589924 2017-07-27 09:17:42
item finish:61336573 2017-07-27 09:17:43
item finish:61343703 2017-07-27 09:17:43
item finish:61298249 2017-07-27 09:17:44
item finish:61015967 2017-07-27 09:17:44
item finish:61016981 2017-07-27 09:17:45
item finish:61306558 2017-07-27 09:17:46
item finish:61261376 2017-07-27 09:17:46
item finish:1000182503 2017-07-27 09:17:47
item finish:61306868 2017-07-27 09:17:48
item finish:61290649 2017-07-27 09:17:49
item finish:60902937 2017-07-27 09:17:49
item finish:61353921 2017-07-27 09:17:49
item finish:61113405 2017-07-27 09:17:50
item finish:1000182198 2017-07-27 09:17:52
item finish:61340079 2017-07-27 09:17:52
item finish:60882153 2017-07-27 09:17:53
item finish:1000181197 2017-07-27 09:17:53
item finish:61113541 2017-07-27 09:17:53
item finish:61351174 2017-07-27 09:17:55
item finish:61267848 2017-07-27 09:17:56
item finish:1000181899 2017-07-27 09:17:57
item finish:61351400 2017-07-27 09:17:58
item finish:1000182902 2017-07-27 09:18:00
item finish:61283947 2017-07-27 09:18:00
item finish:61093010 2017-07-27 09:18:01
item finish:61128663 2017-07-27 09:18:01
item finish:61350619 2017-07-27 09:18:02
item finish:61322156 2017-07-27 09:18:02
item finish:61316745 2017-07-27 09:18:03
item finish:1000182172 2017-07-27 09:18:03
item finish:61308291 2017-07-27 09:18:04
item finish:61272657 2017-07-27 09:18:04
item finish:1000181326 2017-07-27 09:18:05
item finish:1000182585 2017-07-27 09:18:06
item finish:61123896 2017-07-27 09:18:07
item finish:61302281 2017-07-27 09:18:08
item finish:1000182860 2017-07-27 09:18:08
item finish:61342902 2017-07-27 09:18:09
item finish:61331095 2017-07-27 09:18:10
item finish:61354596 2017-07-27 09:18:11
item finish:60694871 2017-07-27 09:18:12
item finish:60886436 2017-07-27 09:18:12
item finish:61354346 2017-07-27 09:18:13
item finish:61355911 2017-07-27 09:18:14
item finish:61321382 2017-07-27 09:18:14
item finish:61098255 2017-07-27 09:18:15
item finish:61117577 2017-07-27 09:18:15
item finish:1000181336 2017-07-27 09:18:16
item finish:61324378 2017-07-27 09:18:19
item finish:60902104 2017-07-27 09:18:19
item finish:61012950 2017-07-27 09:18:20
item finish:60791803 2017-07-27 09:18:20
item finish:61157351 2017-07-27 09:18:21
item finish:59709925 2017-07-27 09:18:21
item finish:61227878 2017-07-27 09:18:22
item finish:1000182550 2017-07-27 09:18:23
item finish:61325540 2017-07-27 09:18:24
item finish:61125641 2017-07-27 09:18:25
item finish:58848425 2017-07-27 09:18:26
item finish:61274899 2017-07-27 09:18:26
item finish:61294555 2017-07-27 09:18:27
item finish:61345295 2017-07-27 09:18:27
item finish:61316807 2017-07-27 09:18:29
item finish:61081953 2017-07-27 09:18:30
item finish:61355919 2017-07-27 09:18:31
item finish:61283876 2017-07-27 09:18:31
item finish:60656962 2017-07-27 09:18:32
item finish:61305785 2017-07-27 09:18:32
item finish:61356204 2017-07-27 09:18:33
item finish:60906388 2017-07-27 09:18:33
item finish:61317338 2017-07-27 09:18:34
item finish:61297308 2017-07-27 09:18:35
item finish:61351229 2017-07-27 09:18:35
item finish:1000182008 2017-07-27 09:18:36
item finish:61306057 2017-07-27 09:18:36
item finish:61054763 2017-07-27 09:18:36
item finish:61166720 2017-07-27 09:18:37
item finish:1000181366 2017-07-27 09:18:38
item finish:61307181 2017-07-27 09:18:38
item finish:61318793 2017-07-27 09:18:39
item finish:1000182430 2017-07-27 09:18:40
item finish:61296724 2017-07-27 09:18:42
item finish:61202252 2017-07-27 09:18:43
item finish:61352119 2017-07-27 09:18:43
item finish:61133738 2017-07-27 09:18:44
item finish:61321785 2017-07-27 09:18:45
item finish:61313049 2017-07-27 09:18:45
item finish:61352345 2017-07-27 09:18:45
item finish:61353435 2017-07-27 09:18:46
item finish:61130271 2017-07-27 09:18:46
item finish:61072175 2017-07-27 09:18:48
item finish:61130440 2017-07-27 09:18:49
item finish:61310759 2017-07-27 09:18:50
item finish:61355747 2017-07-27 09:18:51
item finish:61305096 2017-07-27 09:18:51
item finish:1000181524 2017-07-27 09:18:52
item finish:56550705 2017-07-27 09:18:53
item finish:61316046 2017-07-27 09:18:53
item finish:61334703 2017-07-27 09:18:54
item finish:61358303 2017-07-27 09:18:54
item finish:61292226 2017-07-27 09:18:56
item finish:61035605 2017-07-27 09:18:56
item finish:61071212 2017-07-27 09:18:57
item finish:61296805 2017-07-27 09:18:58
item finish:61348968 2017-07-27 09:18:59
item finish:61322006 2017-07-27 09:18:59
item finish:61310651 2017-07-27 09:19:00
item finish:1000181908 2017-07-27 09:19:00
item finish:60881536 2017-07-27 09:19:00
item state error:61304540 2017-07-27 09:19:01
item finish:61328772 2017-07-27 09:19:01
item finish:60770258 2017-07-27 09:19:02
item finish:1000182363 2017-07-27 09:19:02
item finish:60900564 2017-07-27 09:19:03
item finish:1000182100 2017-07-27 09:19:03
item finish:60544592 2017-07-27 09:19:04
item finish:61118414 2017-07-27 09:19:06
item finish:61258870 2017-07-27 09:19:07
item finish:61339204 2017-07-27 09:19:08
item finish:60816436 2017-07-27 09:19:08
item finish:61350744 2017-07-27 09:19:15
item finish:1000181617 2017-07-27 09:19:15
item finish:61304636 2017-07-27 09:19:15
item finish:1000182533 2017-07-27 09:19:16
item finish:61350323 2017-07-27 09:19:16
item finish:61337310 2017-07-27 09:19:17
item finish:1000182633 2017-07-27 09:19:18
item finish:61336553 2017-07-27 09:19:19
item finish:1000182713 2017-07-27 09:19:21
item finish:1000182528 2017-07-27 09:19:21
item finish:1000181545 2017-07-27 09:19:23
item finish:61354303 2017-07-27 09:19:24
item finish:1000181949 2017-07-27 09:19:24
item finish:1000182515 2017-07-27 09:19:25
item finish:61193469 2017-07-27 09:19:25
item finish:61331864 2017-07-27 09:19:26
item finish:1000181758 2017-07-27 09:19:26
item finish:1000182201 2017-07-27 09:19:27
item finish:61323678 2017-07-27 09:19:27
item finish:61356293 2017-07-27 09:19:28
item finish:61357141 2017-07-27 09:19:32
item finish:61282844 2017-07-27 09:19:32
item finish:60903981 2017-07-27 09:19:32
item finish:1000182126 2017-07-27 09:19:33
item finish:61121508 2017-07-27 09:19:34
item finish:61341853 2017-07-27 09:19:37
item finish:61119113 2017-07-27 09:19:38
item finish:58918611 2017-07-27 09:19:40
item finish:1000182265 2017-07-27 09:19:40
item finish:61134984 2017-07-27 09:19:41
item finish:61352312 2017-07-27 09:19:42
item finish:61352767 2017-07-27 09:19:42
item finish:61133530 2017-07-27 09:19:43
item finish:61338938 2017-07-27 09:19:43
item finish:61355696 2017-07-27 09:19:45
item finish:61328600 2017-07-27 09:19:46
item finish:61325525 2017-07-27 09:19:47
item finish:61126657 2017-07-27 09:19:47
item finish:61351402 2017-07-27 09:19:48
item finish:61353317 2017-07-27 09:19:48
item finish:1000181592 2017-07-27 09:19:48
item finish:61356055 2017-07-27 09:19:49
item finish:1000182570 2017-07-27 09:19:51
item finish:61310368 2017-07-27 09:19:51
item finish:1000181462 2017-07-27 09:19:52
item finish:61294656 2017-07-27 09:19:53
item finish:1000182103 2017-07-27 09:19:54
item finish:61313755 2017-07-27 09:19:54
item finish:61320916 2017-07-27 09:19:55
item finish:59006452 2017-07-27 09:19:57
item finish:61293079 2017-07-27 09:19:58
item finish:61346371 2017-07-27 09:19:58
item finish:1000182247 2017-07-27 09:20:00
item finish:59129881 2017-07-27 09:20:02
item finish:60588314 2017-07-27 09:20:02
item finish:60910692 2017-07-27 09:20:03
item finish:60452366 2017-07-27 09:20:04
item finish:61333384 2017-07-27 09:20:05
item finish:61353272 2017-07-27 09:20:05
item finish:1000182215 2017-07-27 09:20:06
item finish:60421253 2017-07-27 09:20:07
item finish:61289168 2017-07-27 09:20:07
item finish:61129287 2017-07-27 09:20:08
item finish:60968110 2017-07-27 09:20:10
item finish:61341300 2017-07-27 09:20:10
item finish:61354641 2017-07-27 09:20:11
item finish:61356797 2017-07-27 09:20:12
item finish:1000182311 2017-07-27 09:20:13
item finish:1000182560 2017-07-27 09:20:14
item finish:61170657 2017-07-27 09:20:14
item finish:61341762 2017-07-27 09:20:15
item finish:1000182659 2017-07-27 09:20:16
item finish:61324114 2017-07-27 09:20:17
item finish:61242325 2017-07-27 09:20:17
item finish:1000181499 2017-07-27 09:20:18
item finish:61334734 2017-07-27 09:20:19
item finish:61030975 2017-07-27 09:20:20
item finish:1000181807 2017-07-27 09:20:22
item finish:60385585 2017-07-27 09:20:22
item finish:61349785 2017-07-27 09:20:23
item finish:61343248 2017-07-27 09:20:23
item finish:60918910 2017-07-27 09:20:24
item finish:61354202 2017-07-27 09:20:24
item finish:60874610 2017-07-27 09:20:25
item finish:61330867 2017-07-27 09:20:28
item finish:61333155 2017-07-27 09:20:29
item finish:61321914 2017-07-27 09:20:29
item finish:61262133 2017-07-27 09:20:31
item finish:61340567 2017-07-27 09:20:31
item finish:61329879 2017-07-27 09:20:36
item finish:61331818 2017-07-27 09:20:39
item finish:61354748 2017-07-27 09:20:39
item finish:61355152 2017-07-27 09:20:40
item finish:61349112 2017-07-27 09:20:40
item finish:61299329 2017-07-27 09:20:41
item finish:61349760 2017-07-27 09:20:42
item finish:61326054 2017-07-27 09:20:43
item finish:61305419 2017-07-27 09:20:43
item finish:61353987 2017-07-27 09:20:44
item finish:61025503 2017-07-27 09:20:45
item finish:61130528 2017-07-27 09:20:46
item finish:61065512 2017-07-27 09:20:46
item finish:61333109 2017-07-27 09:20:47
item finish:1000182535 2017-07-27 09:20:47
item finish:61357055 2017-07-27 09:20:47
item finish:1000182496 2017-07-27 09:20:48
item finish:60899646 2017-07-27 09:20:48
item finish:1000182825 2017-07-27 09:20:49
item finish:61162741 2017-07-27 09:20:51
item finish:61121701 2017-07-27 09:20:52
item finish:60683441 2017-07-27 09:20:53
item finish:61310724 2017-07-27 09:20:53
item finish:61064309 2017-07-27 09:20:54
item finish:61357929 2017-07-27 09:20:54
item finish:61286312 2017-07-27 09:20:55
item finish:60885156 2017-07-27 09:20:55
item finish:61354527 2017-07-27 09:20:55
item finish:1000182190 2017-07-27 09:20:56
item finish:61323314 2017-07-27 09:20:57
item finish:61310668 2017-07-27 09:20:58
item finish:61128776 2017-07-27 09:21:14
item finish:61354528 2017-07-27 09:21:14
item finish:61125372 2017-07-27 09:21:14
item finish:61071545 2017-07-27 09:21:18
item finish:61341297 2017-07-27 09:21:19
item finish:61291585 2017-07-27 09:21:20
item finish:61263181 2017-07-27 09:21:21
item finish:60915029 2017-07-27 09:21:22
item finish:61290788 2017-07-27 09:21:22
item finish:1000181883 2017-07-27 09:21:23
item finish:61318117 2017-07-27 09:21:23
item finish:60578030 2017-07-27 09:21:24
item finish:61299881 2017-07-27 09:21:25
item finish:61309440 2017-07-27 09:21:25
item finish:61342820 2017-07-27 09:21:26
item finish:61356487 2017-07-27 09:21:27
item finish:61004762 2017-07-27 09:21:29
item finish:59146246 2017-07-27 09:21:30
item finish:61072244 2017-07-27 09:21:30
item finish:1000181689 2017-07-27 09:21:31
item finish:1000182833 2017-07-27 09:21:31
item finish:60857796 2017-07-27 09:21:32
item finish:61267420 2017-07-27 09:21:33
item finish:61226032 2017-07-27 09:21:33
item finish:61340273 2017-07-27 09:21:34
item finish:1000182123 2017-07-27 09:21:35
item finish:61119287 2017-07-27 09:21:37
item finish:61319684 2017-07-27 09:21:38
item finish:61133718 2017-07-27 09:21:38
item finish:61133845 2017-07-27 09:21:39
item finish:60527800 2017-07-27 09:21:39
item finish:61337548 2017-07-27 09:21:40
item finish:61349090 2017-07-27 09:21:41
item finish:1000181590 2017-07-27 09:21:43
item finish:61346249 2017-07-27 09:21:43
item finish:60954475 2017-07-27 09:21:44
item finish:61305235 2017-07-27 09:21:45
item finish:1000182357 2017-07-27 09:21:46
item finish:61032664 2017-07-27 09:21:47
item state error:61326411 2017-07-27 09:21:48
item finish:1000182457 2017-07-27 09:21:49
item finish:1000182075 2017-07-27 09:21:49
item finish:61352864 2017-07-27 09:21:50
item finish:61308435 2017-07-27 09:21:51
item finish:61340233 2017-07-27 09:21:51
item finish:61335410 2017-07-27 09:21:52
item finish:61350545 2017-07-27 09:21:53
item finish:1000181388 2017-07-27 09:21:53
item finish:1000181711 2017-07-27 09:21:53
item finish:61132500 2017-07-27 09:21:54
item finish:61339082 2017-07-27 09:21:54
item finish:60870054 2017-07-27 09:21:55
item finish:61354133 2017-07-27 09:21:56
item finish:61295577 2017-07-27 09:21:56
item finish:61307730 2017-07-27 09:21:58
item finish:60660574 2017-07-27 09:21:59
item finish:61352856 2017-07-27 09:22:00
item finish:61317583 2017-07-27 09:22:00
item finish:60916066 2017-07-27 09:22:01
item finish:61129792 2017-07-27 09:22:01
item finish:61076851 2017-07-27 09:22:01
item finish:61309685 2017-07-27 09:22:02
item finish:60904243 2017-07-27 09:22:02
item finish:61325159 2017-07-27 09:22:03
item finish:61307706 2017-07-27 09:22:04
item finish:61332104 2017-07-27 09:22:05
item finish:61326255 2017-07-27 09:22:05
item finish:61328188 2017-07-27 09:22:06
item finish:61316305 2017-07-27 09:22:07
item finish:61125777 2017-07-27 09:22:07
item finish:1000182546 2017-07-27 09:22:08
item finish:61354673 2017-07-27 09:22:09
item finish:61356148 2017-07-27 09:22:09
item finish:61106153 2017-07-27 09:22:09
item finish:61348246 2017-07-27 09:22:10
item finish:61066946 2017-07-27 09:22:11
item finish:61315685 2017-07-27 09:22:11
item finish:61328461 2017-07-27 09:22:12
item finish:1000182499 2017-07-27 09:22:13
item finish:61351251 2017-07-27 09:22:14
item finish:1000181742 2017-07-27 09:22:15
item finish:60914940 2017-07-27 09:22:15
item finish:61304306 2017-07-27 09:22:16
item finish:61133673 2017-07-27 09:22:16
item finish:61108367 2017-07-27 09:22:17
item finish:61321968 2017-07-27 09:22:17
item finish:61353437 2017-07-27 09:22:19
item finish:61167480 2017-07-27 09:22:19
item finish:60886775 2017-07-27 09:22:20
item finish:1000181521 2017-07-27 09:22:20
item finish:61114372 2017-07-27 09:22:22
item finish:61239370 2017-07-27 09:22:24
item finish:56020124 2017-07-27 09:22:24
item finish:61287972 2017-07-27 09:22:25
item finish:61337114 2017-07-27 09:22:25
item finish:1000182861 2017-07-27 09:22:25
item finish:61314245 2017-07-27 09:22:26
item finish:61201061 2017-07-27 09:22:26
item finish:61133239 2017-07-27 09:22:26
item finish:1000182249 2017-07-27 09:22:27
item finish:61262611 2017-07-27 09:22:27
item finish:1000182434 2017-07-27 09:22:28
item finish:1000182558 2017-07-27 09:22:29
item finish:61316738 2017-07-27 09:22:29
item finish:61311559 2017-07-27 09:22:31
item finish:61123827 2017-07-27 09:22:32
item finish:61349528 2017-07-27 09:22:33
item finish:1000181374 2017-07-27 09:22:34
item finish:61338843 2017-07-27 09:22:34
item finish:61348561 2017-07-27 09:22:35
item finish:1000181502 2017-07-27 09:22:36
item finish:1000181556 2017-07-27 09:22:36
item finish:61354076 2017-07-27 09:22:37
item finish:1000181392 2017-07-27 09:22:38
item finish:61351538 2017-07-27 09:22:39
item finish:61277196 2017-07-27 09:22:41
item finish:60865239 2017-07-27 09:22:42
item finish:60525793 2017-07-27 09:22:43
item finish:61338076 2017-07-27 09:22:43
item finish:61118208 2017-07-27 09:22:43
item finish:61316222 2017-07-27 09:22:44
item finish:60911124 2017-07-27 09:22:44
item finish:60885617 2017-07-27 09:22:45
item finish:61310501 2017-07-27 09:22:45
item finish:56794445 2017-07-27 09:22:46
item finish:1000182296 2017-07-27 09:22:47
item finish:61330909 2017-07-27 09:22:48
item finish:61319657 2017-07-27 09:22:49
item finish:61220149 2017-07-27 09:22:50
item finish:61308004 2017-07-27 09:22:51
item state error:61327959 2017-07-27 09:22:51
item finish:61134181 2017-07-27 09:22:52
item finish:61331068 2017-07-27 09:22:52
item finish:61301995 2017-07-27 09:22:53
item finish:61353587 2017-07-27 09:22:55
item finish:1000182895 2017-07-27 09:22:55
item finish:60811851 2017-07-27 09:22:56
item finish:61351469 2017-07-27 09:22:56
item finish:60792421 2017-07-27 09:22:58
item finish:61355271 2017-07-27 09:22:59
item finish:61193852 2017-07-27 09:23:00
item finish:1000182868 2017-07-27 09:23:01
item finish:61131559 2017-07-27 09:23:02
item finish:61173346 2017-07-27 09:23:03
item finish:61303426 2017-07-27 09:23:03
item finish:61355247 2017-07-27 09:23:04
item finish:61018218 2017-07-27 09:23:04
item finish:61308721 2017-07-27 09:23:05
item finish:61321884 2017-07-27 09:23:05
item finish:61182093 2017-07-27 09:23:06
item finish:61311042 2017-07-27 09:23:07
item state error:61353764 2017-07-27 09:23:09
item finish:61318530 2017-07-27 09:23:10
item finish:61319305 2017-07-27 09:23:10
item finish:60909201 2017-07-27 09:23:11
item finish:61311466 2017-07-27 09:23:11
item finish:61344489 2017-07-27 09:23:11
item finish:1000182840 2017-07-27 09:23:12
item finish:61305174 2017-07-27 09:23:13
item finish:61349049 2017-07-27 09:23:14
item finish:61199371 2017-07-27 09:23:15
item finish:61291795 2017-07-27 09:23:16
item finish:61248848 2017-07-27 09:23:16
item finish:61350518 2017-07-27 09:23:21
item finish:61354633 2017-07-27 09:23:21
item finish:61332343 2017-07-27 09:23:22
item finish:60950987 2017-07-27 09:23:23
item finish:61125017 2017-07-27 09:23:25
item finish:60515592 2017-07-27 09:23:25
item finish:61344448 2017-07-27 09:23:26
item finish:61323790 2017-07-27 09:23:26
item finish:61309009 2017-07-27 09:23:27
item finish:60869677 2017-07-27 09:23:27
item finish:61338289 2017-07-27 09:23:29
item finish:1000182923 2017-07-27 09:23:30
item finish:61334104 2017-07-27 09:23:31
item finish:60708888 2017-07-27 09:23:31
item finish:61354769 2017-07-27 09:23:31
item finish:60996012 2017-07-27 09:23:32
item finish:1000181267 2017-07-27 09:23:32
item finish:61347448 2017-07-27 09:23:32
item finish:61307332 2017-07-27 09:23:34
item finish:61309333 2017-07-27 09:23:35
item finish:61298503 2017-07-27 09:23:36
item finish:59831293 2017-07-27 09:23:38
item finish:60913139 2017-07-27 09:23:39
item finish:59678911 2017-07-27 09:23:40
item finish:61304248 2017-07-27 09:23:40
item finish:61348646 2017-07-27 09:23:43
item finish:61334624 2017-07-27 09:23:45
item finish:60887173 2017-07-27 09:23:45
item finish:1000182149 2017-07-27 09:23:46
item finish:60855269 2017-07-27 09:23:46
item finish:60754749 2017-07-27 09:23:47
item finish:61332550 2017-07-27 09:23:48
item finish:61258035 2017-07-27 09:23:49
item finish:1000182747 2017-07-27 09:23:50
item state error:61310604 2017-07-27 09:23:51
item finish:60880435 2017-07-27 09:23:52
item finish:1000181925 2017-07-27 09:23:53
item finish:61354500 2017-07-27 09:23:53
item finish:1000181876 2017-07-27 09:23:55
item finish:1000181409 2017-07-27 09:23:55
item finish:61313654 2017-07-27 09:23:55
item finish:60941869 2017-07-27 09:23:56
item finish:61292771 2017-07-27 09:23:57
item finish:1000181257 2017-07-27 09:23:58
item finish:1000182043 2017-07-27 09:23:59
item finish:61308817 2017-07-27 09:24:00
item finish:1000182392 2017-07-27 09:24:03
item finish:60811890 2017-07-27 09:24:05
item finish:61332115 2017-07-27 09:24:05
item finish:61324181 2017-07-27 09:24:05
item finish:61122877 2017-07-27 09:24:06
item finish:61326860 2017-07-27 09:24:06
item finish:61131393 2017-07-27 09:24:07
item finish:61263421 2017-07-27 09:24:07
item finish:61343409 2017-07-27 09:24:08
item finish:61324024 2017-07-27 09:24:10
item finish:61117683 2017-07-27 09:24:11
item finish:61355236 2017-07-27 09:24:11
item finish:61340833 2017-07-27 09:24:12
item finish:61134318 2017-07-27 09:24:13
item finish:1000182076 2017-07-27 09:24:14
item finish:61324966 2017-07-27 09:24:14
item finish:59879525 2017-07-27 09:24:17
item finish:61345214 2017-07-27 09:24:18
item finish:61345384 2017-07-27 09:24:19
item finish:61298000 2017-07-27 09:24:20
item finish:61355269 2017-07-27 09:24:21
item finish:60921088 2017-07-27 09:24:21
item finish:1000182520 2017-07-27 09:24:22
item finish:60848352 2017-07-27 09:24:22
item finish:61305162 2017-07-27 09:24:23
item state error:61316391 2017-07-27 09:24:24
item finish:59905880 2017-07-27 09:24:25
item finish:60665636 2017-07-27 09:24:26
item finish:60983296 2017-07-27 09:24:26
item finish:1000181833 2017-07-27 09:24:27
item finish:61318484 2017-07-27 09:24:28
item state error:61316378 2017-07-27 09:24:29
item finish:61350763 2017-07-27 09:24:31
item finish:1000182047 2017-07-27 09:24:32
item finish:58691790 2017-07-27 09:24:32
item finish:61292519 2017-07-27 09:24:34
item finish:61319314 2017-07-27 09:24:35
item finish:61059198 2017-07-27 09:24:36
item finish:61305903 2017-07-27 09:24:37
item finish:61320961 2017-07-27 09:24:37
item finish:56785264 2017-07-27 09:24:38
item finish:57872563 2017-07-27 09:24:38
item finish:61350742 2017-07-27 09:24:39
item finish:61063555 2017-07-27 09:24:40
item finish:61086972 2017-07-27 09:24:41
item finish:61323025 2017-07-27 09:24:41
item finish:61345660 2017-07-27 09:24:41
item finish:61340059 2017-07-27 09:24:43
item finish:61356234 2017-07-27 09:24:43
item finish:61303457 2017-07-27 09:24:45
item finish:61310859 2017-07-27 09:24:48
item finish:61304247 2017-07-27 09:24:49
item finish:61320376 2017-07-27 09:24:50
item finish:61315949 2017-07-27 09:24:51
item finish:61352362 2017-07-27 09:24:51
item finish:60972781 2017-07-27 09:24:52
item finish:61303226 2017-07-27 09:24:52
item finish:59941341 2017-07-27 09:24:53
item finish:1000181983 2017-07-27 09:24:54
item finish:61357719 2017-07-27 09:24:55
item finish:1000182834 2017-07-27 09:24:55
item finish:61118376 2017-07-27 09:24:56
item finish:61038277 2017-07-27 09:24:57
item finish:58587797 2017-07-27 09:24:57
item finish:61316354 2017-07-27 09:24:58
item finish:61318230 2017-07-27 09:24:59
item finish:61352676 2017-07-27 09:24:59
item finish:61332224 2017-07-27 09:24:59
item finish:61325713 2017-07-27 09:25:00
item finish:61319269 2017-07-27 09:25:00
item finish:61319570 2017-07-27 09:25:00
item finish:61339265 2017-07-27 09:25:01
item finish:61319909 2017-07-27 09:25:03
item finish:61071729 2017-07-27 09:25:03
item finish:60969418 2017-07-27 09:25:04
item finish:1000182232 2017-07-27 09:25:04
item finish:61292130 2017-07-27 09:25:05
item finish:1000182155 2017-07-27 09:25:06
item finish:1000182115 2017-07-27 09:25:06
item finish:61348822 2017-07-27 09:25:08
item state error:61315927 2017-07-27 09:25:09
item finish:61345500 2017-07-27 09:25:09
item finish:1000182316 2017-07-27 09:25:10
item finish:61128695 2017-07-27 09:25:11
item finish:61312921 2017-07-27 09:25:11
item finish:1000182764 2017-07-27 09:25:12
item finish:61332809 2017-07-27 09:25:12
item finish:1000182136 2017-07-27 09:25:12
item finish:61070993 2017-07-27 09:25:13
item finish:1000182387 2017-07-27 09:25:14
item finish:61352340 2017-07-27 09:25:14
item finish:1000182074 2017-07-27 09:25:15
item finish:61309710 2017-07-27 09:25:16
item finish:61353341 2017-07-27 09:25:17
item finish:1000181873 2017-07-27 09:25:17
item finish:61350698 2017-07-27 09:25:18
item finish:61332989 2017-07-27 09:25:19
item finish:61256729 2017-07-27 09:25:19
item finish:1000181362 2017-07-27 09:25:20
item finish:61323135 2017-07-27 09:25:21
item finish:60879450 2017-07-27 09:25:22
item finish:61353619 2017-07-27 09:25:23
item finish:61351235 2017-07-27 09:25:23
item finish:61303446 2017-07-27 09:25:24
item finish:61238826 2017-07-27 09:25:24
item finish:61307442 2017-07-27 09:25:25
item finish:61347687 2017-07-27 09:25:26
item finish:60756774 2017-07-27 09:25:26
item finish:61041217 2017-07-27 09:25:27
item finish:61206831 2017-07-27 09:25:27
item finish:61320975 2017-07-27 09:25:28
item finish:1000182881 2017-07-27 09:25:29
item finish:61354592 2017-07-27 09:25:31
item finish:61330785 2017-07-27 09:25:31
item finish:60779406 2017-07-27 09:25:31
item finish:61302988 2017-07-27 09:25:33
item finish:61028223 2017-07-27 09:25:34
item finish:1000182467 2017-07-27 09:25:34
item finish:61131178 2017-07-27 09:25:34
item finish:61289334 2017-07-27 09:25:35
item finish:60904666 2017-07-27 09:25:35
item finish:1000181940 2017-07-27 09:25:36
item finish:61352148 2017-07-27 09:25:36
item finish:61335558 2017-07-27 09:25:40
item finish:61305554 2017-07-27 09:25:41
item finish:61311507 2017-07-27 09:25:42
item finish:1000181440 2017-07-27 09:25:42
item finish:61192310 2017-07-27 09:25:43
item finish:61118477 2017-07-27 09:25:43
item finish:61318356 2017-07-27 09:25:44
item finish:61259093 2017-07-27 09:25:44
item finish:61344606 2017-07-27 09:25:44
item finish:1000181479 2017-07-27 09:25:46
item state error:61316364 2017-07-27 09:25:46
item finish:61331202 2017-07-27 09:25:47
item finish:61128558 2017-07-27 09:25:49
item finish:1000181738 2017-07-27 09:25:50
item finish:61343727 2017-07-27 09:25:51
item finish:61318963 2017-07-27 09:25:51
item finish:61280871 2017-07-27 09:25:52
item finish:61317290 2017-07-27 09:25:52
item finish:61356627 2017-07-27 09:25:53
item finish:61356630 2017-07-27 09:25:54
item finish:1000181343 2017-07-27 09:25:55
item finish:61318439 2017-07-27 09:25:58
item finish:61325817 2017-07-27 09:25:59
item finish:61329240 2017-07-27 09:26:00
item finish:1000182095 2017-07-27 09:26:00
item finish:1000181930 2017-07-27 09:26:01
item finish:1000182857 2017-07-27 09:26:01
item finish:1000182192 2017-07-27 09:26:01
item finish:1000182846 2017-07-27 09:26:02
item finish:61331623 2017-07-27 09:26:02
item finish:61348719 2017-07-27 09:26:03
item finish:61054231 2017-07-27 09:26:03
item finish:61282277 2017-07-27 09:26:05
item finish:61124729 2017-07-27 09:26:06
item finish:56600653 2017-07-27 09:26:06
item state error:61352814 2017-07-27 09:26:07
item finish:60925969 2017-07-27 09:26:07
item finish:1000182862 2017-07-27 09:26:08
item finish:61351785 2017-07-27 09:26:10
item finish:61311734 2017-07-27 09:26:12
item finish:1000181523 2017-07-27 09:26:13
item finish:61135001 2017-07-27 09:26:13
item finish:60472234 2017-07-27 09:26:14
item finish:60541240 2017-07-27 09:26:14
item finish:1000181364 2017-07-27 09:26:15
item finish:61319045 2017-07-27 09:26:15
item finish:61133974 2017-07-27 09:26:16
item finish:61344457 2017-07-27 09:26:16
item finish:61351776 2017-07-27 09:26:17
item finish:61127007 2017-07-27 09:26:19
item finish:61346340 2017-07-27 09:26:21
item finish:60690142 2017-07-27 09:26:21
item finish:1000181780 2017-07-27 09:26:22
item finish:1000182500 2017-07-27 09:26:22
item finish:61248667 2017-07-27 09:26:23
item finish:1000181810 2017-07-27 09:26:24
item finish:61032768 2017-07-27 09:26:25
item finish:61200775 2017-07-27 09:26:25
item finish:1000181761 2017-07-27 09:26:25
item finish:61329068 2017-07-27 09:26:26
item finish:61353708 2017-07-27 09:26:29
item finish:60950243 2017-07-27 09:26:30
item finish:61132349 2017-07-27 09:26:30
item finish:60843636 2017-07-27 09:26:31
item finish:61302527 2017-07-27 09:26:32
item finish:61047844 2017-07-27 09:26:32
item finish:61291121 2017-07-27 09:26:32
item finish:61357608 2017-07-27 09:26:34
item finish:61355326 2017-07-27 09:26:35
item finish:61257324 2017-07-27 09:26:35
item finish:61320998 2017-07-27 09:26:36
item finish:60908230 2017-07-27 09:26:37
item finish:61300657 2017-07-27 09:26:38
item finish:61329096 2017-07-27 09:26:39
item finish:61322295 2017-07-27 09:26:39
item finish:61325855 2017-07-27 09:26:40
item finish:61342617 2017-07-27 09:26:41
item finish:1000182658 2017-07-27 09:26:42
item finish:60831239 2017-07-27 09:26:43
item finish:60899611 2017-07-27 09:26:43
item finish:61135054 2017-07-27 09:26:44
item finish:61325780 2017-07-27 09:26:45
item finish:61310372 2017-07-27 09:26:45
item finish:61308537 2017-07-27 09:26:46
item finish:59635883 2017-07-27 09:26:47
item finish:61335457 2017-07-27 09:26:47
item finish:61355832 2017-07-27 09:26:48
item finish:61337136 2017-07-27 09:26:49
item finish:61319716 2017-07-27 09:26:50
item finish:60925595 2017-07-27 09:26:50
item finish:1000182409 2017-07-27 09:26:51
item finish:61309105 2017-07-27 09:26:51
item finish:61283178 2017-07-27 09:26:52
item finish:60682913 2017-07-27 09:26:53
item finish:61299968 2017-07-27 09:26:55
item finish:61170095 2017-07-27 09:26:56
item finish:1000181417 2017-07-27 09:26:57
item finish:1000182162 2017-07-27 09:26:58
item finish:61118666 2017-07-27 09:26:58
item finish:61356595 2017-07-27 09:26:59
item finish:1000181960 2017-07-27 09:27:00
item finish:61353006 2017-07-27 09:27:02
item finish:1000181787 2017-07-27 09:27:03
item finish:61309937 2017-07-27 09:27:04
item finish:61334333 2017-07-27 09:27:05
item finish:1000182497 2017-07-27 09:27:05
item finish:60882312 2017-07-27 09:27:06
item finish:56594113 2017-07-27 09:27:07
item finish:58835321 2017-07-27 09:27:08
item finish:61350225 2017-07-27 09:27:09
item finish:61124285 2017-07-27 09:27:09
item finish:61108455 2017-07-27 09:27:10
item finish:60419258 2017-07-27 09:27:11
item finish:61330300 2017-07-27 09:27:12
item finish:61358376 2017-07-27 09:27:13
item finish:60863679 2017-07-27 09:27:13
item finish:61336017 2017-07-27 09:27:13
item finish:61185480 2017-07-27 09:27:14
item finish:61282468 2017-07-27 09:27:16
item finish:61355462 2017-07-27 09:27:16
item finish:61350043 2017-07-27 09:27:17
item finish:61133892 2017-07-27 09:27:17
item finish:60848681 2017-07-27 09:27:18
item finish:59548576 2017-07-27 09:27:18
item finish:61354959 2017-07-27 09:27:19
item finish:61354568 2017-07-27 09:27:20
item finish:1000182593 2017-07-27 09:27:21
item finish:60554615 2017-07-27 09:27:22
item finish:61321431 2017-07-27 09:27:23
item finish:1000182485 2017-07-27 09:27:24
item finish:61350562 2017-07-27 09:27:25
item finish:1000182197 2017-07-27 09:27:26
item finish:1000181370 2017-07-27 09:27:27
item finish:1000182944 2017-07-27 09:27:27
item finish:61290879 2017-07-27 09:27:28
item finish:61339225 2017-07-27 09:27:28
item finish:61291246 2017-07-27 09:27:29
item finish:61129525 2017-07-27 09:27:29
item finish:61334706 2017-07-27 09:27:30
item finish:61119665 2017-07-27 09:27:31
item finish:61129618 2017-07-27 09:27:32
item finish:61317917 2017-07-27 09:27:32
item finish:61254301 2017-07-27 09:27:35
item finish:61305877 2017-07-27 09:27:35
item finish:60871480 2017-07-27 09:27:35
item finish:1000181282 2017-07-27 09:27:36
item finish:1000182044 2017-07-27 09:27:36
item finish:61290209 2017-07-27 09:27:36
item finish:60912560 2017-07-27 09:27:37
item finish:60889930 2017-07-27 09:27:39
item finish:61299675 2017-07-27 09:27:41
item finish:1000182947 2017-07-27 09:27:42
item finish:61324426 2017-07-27 09:27:43
item finish:61135017 2017-07-27 09:27:43
item finish:61355083 2017-07-27 09:27:44
item finish:1000181270 2017-07-27 09:27:45
item finish:61312236 2017-07-27 09:27:46
item finish:1000182866 2017-07-27 09:27:47
item finish:1000181357 2017-07-27 09:27:48
item finish:61060365 2017-07-27 09:27:49
item finish:1000182889 2017-07-27 09:27:49
item finish:61320375 2017-07-27 09:27:50
item finish:61306061 2017-07-27 09:27:50
item finish:61301390 2017-07-27 09:27:52
item finish:61237155 2017-07-27 09:27:54
item finish:61300222 2017-07-27 09:27:54
item finish:61292883 2017-07-27 09:27:55
item finish:61354349 2017-07-27 09:27:55
item finish:61352375 2017-07-27 09:27:56
item finish:61133170 2017-07-27 09:27:57
item finish:1000181943 2017-07-27 09:27:57
item finish:61055104 2017-07-27 09:27:59
item finish:1000181871 2017-07-27 09:28:00
item state error:61326065 2017-07-27 09:28:01
item finish:61055857 2017-07-27 09:28:02
item finish:61145722 2017-07-27 09:28:02
item finish:61267651 2017-07-27 09:28:03
item finish:61260662 2017-07-27 09:28:03
item finish:61355324 2017-07-27 09:28:04
item finish:61127046 2017-07-27 09:28:05
item finish:61334847 2017-07-27 09:28:06
item finish:61295172 2017-07-27 09:28:06
item finish:61322155 2017-07-27 09:28:07
item finish:61327068 2017-07-27 09:28:07
item finish:60679051 2017-07-27 09:28:08
item finish:1000181839 2017-07-27 09:28:09
item finish:61027008 2017-07-27 09:28:10
item finish:1000182113 2017-07-27 09:28:11
item finish:60743550 2017-07-27 09:28:12
item finish:61258450 2017-07-27 09:28:12
item finish:61130235 2017-07-27 09:28:13
item finish:60508784 2017-07-27 09:28:13
item finish:61337816 2017-07-27 09:28:13
item finish:61339159 2017-07-27 09:28:14
item finish:61324686 2017-07-27 09:28:15
item finish:61326730 2017-07-27 09:28:16
item finish:61350629 2017-07-27 09:28:16
item finish:61354464 2017-07-27 09:28:17
item finish:61130458 2017-07-27 09:28:18
item finish:61046159 2017-07-27 09:28:20
item finish:61355858 2017-07-27 09:28:20
item finish:61059716 2017-07-27 09:28:21
item finish:1000182240 2017-07-27 09:28:22
item finish:61304505 2017-07-27 09:28:23
item finish:61354140 2017-07-27 09:28:23
item finish:61029009 2017-07-27 09:28:23
item state error:61330075 2017-07-27 09:28:24
item finish:61068306 2017-07-27 09:28:25
item finish:61355374 2017-07-27 09:28:25
item finish:61190227 2017-07-27 09:28:26
item finish:61256277 2017-07-27 09:28:27
item finish:60905401 2017-07-27 09:28:28
item finish:61131231 2017-07-27 09:28:28
item finish:1000181816 2017-07-27 09:28:29
item finish:61283163 2017-07-27 09:28:30
item finish:61310571 2017-07-27 09:28:31
item finish:61356132 2017-07-27 09:28:31
item finish:61172536 2017-07-27 09:28:32
item finish:61307986 2017-07-27 09:28:33
item finish:1000182349 2017-07-27 09:28:33
item finish:61304964 2017-07-27 09:28:34
item finish:61353338 2017-07-27 09:28:35
item finish:61331984 2017-07-27 09:28:36
item finish:61340214 2017-07-27 09:28:37
item finish:61329454 2017-07-27 09:28:37
item finish:1000181887 2017-07-27 09:28:38
item finish:61340657 2017-07-27 09:28:38
item finish:61223921 2017-07-27 09:28:39
item finish:61060731 2017-07-27 09:28:40
item finish:1000181427 2017-07-27 09:28:41
item finish:61351871 2017-07-27 09:28:41
item finish:61348874 2017-07-27 09:28:42
item finish:61350855 2017-07-27 09:28:43
item finish:1000182413 2017-07-27 09:28:44
item finish:61347650 2017-07-27 09:28:45
item finish:61043136 2017-07-27 09:28:46
item finish:1000182281 2017-07-27 09:28:46
item finish:61277427 2017-07-27 09:28:46
item finish:1000182545 2017-07-27 09:28:47
item finish:61345361 2017-07-27 09:28:47
item finish:1000181375 2017-07-27 09:28:48
item finish:61265219 2017-07-27 09:28:50
item finish:58583081 2017-07-27 09:28:51
item finish:61288246 2017-07-27 09:28:52
item finish:1000182878 2017-07-27 09:28:52
item finish:1000182551 2017-07-27 09:28:53
item finish:61321383 2017-07-27 09:28:53
item finish:61327573 2017-07-27 09:28:54
item finish:61311026 2017-07-27 09:28:54
item finish:61296186 2017-07-27 09:28:55
item finish:61303682 2017-07-27 09:28:55
item finish:61142194 2017-07-27 09:28:56
item finish:61323429 2017-07-27 09:28:56
item finish:61346981 2017-07-27 09:28:57
item finish:61220878 2017-07-27 09:28:58
item finish:61310503 2017-07-27 09:28:59
item finish:61321529 2017-07-27 09:29:01
item finish:61306271 2017-07-27 09:29:02
item finish:1000181964 2017-07-27 09:29:02
item finish:60765188 2017-07-27 09:29:03
item finish:61355910 2017-07-27 09:29:03
item finish:61355026 2017-07-27 09:29:04
item finish:1000182080 2017-07-27 09:29:05
item finish:61066676 2017-07-27 09:29:05
item finish:61129584 2017-07-27 09:29:05
item finish:61354953 2017-07-27 09:29:06
item finish:61326240 2017-07-27 09:29:07
item state error:61270909 2017-07-27 09:29:08
item finish:61317291 2017-07-27 09:29:08
item finish:61338017 2017-07-27 09:29:10
item finish:61334519 2017-07-27 09:29:10
item finish:61322030 2017-07-27 09:29:11
item finish:61115394 2017-07-27 09:29:12
item finish:61326114 2017-07-27 09:29:13
item finish:1000182539 2017-07-27 09:29:14
item finish:61288021 2017-07-27 09:29:14
item finish:61334078 2017-07-27 09:29:15
item finish:57968013 2017-07-27 09:29:16
item finish:60605487 2017-07-27 09:29:18
item finish:61350639 2017-07-27 09:29:19
item finish:61306210 2017-07-27 09:29:20
item finish:61354498 2017-07-27 09:29:21
item finish:61349397 2017-07-27 09:29:22
item finish:61348289 2017-07-27 09:29:23
item finish:61350133 2017-07-27 09:29:23
item finish:60968745 2017-07-27 09:29:23
item finish:61293920 2017-07-27 09:29:24
item finish:61345590 2017-07-27 09:29:24
item finish:61323918 2017-07-27 09:29:25
item finish:61346871 2017-07-27 09:29:26
item finish:61325120 2017-07-27 09:29:27
item finish:1000181783 2017-07-27 09:29:27
item finish:61074748 2017-07-27 09:29:28
item finish:61319614 2017-07-27 09:29:28
item finish:1000181578 2017-07-27 09:29:30
item finish:61301298 2017-07-27 09:29:31
item finish:60621977 2017-07-27 09:29:31
item finish:61308542 2017-07-27 09:29:32
item finish:61316341 2017-07-27 09:29:32
item finish:61345522 2017-07-27 09:29:33
item finish:61332640 2017-07-27 09:29:33
item finish:1000181624 2017-07-27 09:29:34
item finish:61330191 2017-07-27 09:29:35
item finish:61328750 2017-07-27 09:29:35
item finish:61321123 2017-07-27 09:29:37
item finish:61311501 2017-07-27 09:29:37
item finish:1000182283 2017-07-27 09:29:38
item finish:61207339 2017-07-27 09:29:38
item finish:61307782 2017-07-27 09:29:39
item finish:61242212 2017-07-27 09:29:39
item finish:61258689 2017-07-27 09:29:40
item finish:61336060 2017-07-27 09:29:41
item finish:60894544 2017-07-27 09:29:41
item finish:61351290 2017-07-27 09:29:41
item finish:59806166 2017-07-27 09:29:44
item finish:1000181477 2017-07-27 09:29:44
item finish:1000181420 2017-07-27 09:29:45
item finish:61340256 2017-07-27 09:29:47
item finish:61099757 2017-07-27 09:29:47
item finish:61315645 2017-07-27 09:29:47
item finish:61324125 2017-07-27 09:29:48
item finish:1000182828 2017-07-27 09:29:49
item finish:61313839 2017-07-27 09:29:49
item finish:61347709 2017-07-27 09:29:49
item finish:61090524 2017-07-27 09:29:50
item finish:61325970 2017-07-27 09:29:53
item finish:61330247 2017-07-27 09:29:55
item finish:61343519 2017-07-27 09:29:55
item finish:61162813 2017-07-27 09:29:56
item finish:60797770 2017-07-27 09:29:57
item finish:1000182187 2017-07-27 09:29:57
item finish:61331055 2017-07-27 09:29:58
item finish:61018980 2017-07-27 09:29:58
item finish:1000181383 2017-07-27 09:29:58
item finish:1000181585 2017-07-27 09:29:59
item finish:61350598 2017-07-27 09:30:00
item finish:60893244 2017-07-27 09:30:00
item finish:61349094 2017-07-27 09:30:01
item finish:61338765 2017-07-27 09:30:01
item finish:61348361 2017-07-27 09:30:02
item finish:61319387 2017-07-27 09:30:02
item finish:61350524 2017-07-27 09:30:03
item finish:61328346 2017-07-27 09:30:04
item finish:61356125 2017-07-27 09:30:05
item finish:61055828 2017-07-27 09:30:05
item finish:1000181818 2017-07-27 09:30:07
item finish:61331855 2017-07-27 09:30:11
item finish:61294142 2017-07-27 09:30:12
item finish:61332489 2017-07-27 09:30:14
item finish:61299970 2017-07-27 09:30:15
item finish:1000181371 2017-07-27 09:30:16
item finish:61350707 2017-07-27 09:30:16
item finish:61130724 2017-07-27 09:30:17
item finish:61337196 2017-07-27 09:30:24
item finish:61342475 2017-07-27 09:30:25
item finish:61104034 2017-07-27 09:30:25
item finish:61308097 2017-07-27 09:30:25
item finish:61352683 2017-07-27 09:30:26
item finish:61063429 2017-07-27 09:30:27
item finish:60921093 2017-07-27 09:30:27
item finish:61066837 2017-07-27 09:30:28
item finish:61263086 2017-07-27 09:30:28
item finish:61123978 2017-07-27 09:30:29
item finish:1000181702 2017-07-27 09:30:31
item finish:61336048 2017-07-27 09:30:31
item finish:61353332 2017-07-27 09:30:32
item finish:61332012 2017-07-27 09:30:32
item finish:61350699 2017-07-27 09:30:33
item finish:61347074 2017-07-27 09:30:33
item finish:1000182141 2017-07-27 09:30:34
item finish:61275261 2017-07-27 09:30:34
item finish:61342473 2017-07-27 09:30:35
item finish:60884320 2017-07-27 09:30:35
item finish:61256456 2017-07-27 09:30:36
item finish:60921344 2017-07-27 09:30:37
item finish:61356834 2017-07-27 09:30:37
item finish:61150366 2017-07-27 09:30:37
item finish:61356486 2017-07-27 09:30:38
item finish:61058207 2017-07-27 09:30:38
item finish:61128713 2017-07-27 09:30:41
item finish:61116818 2017-07-27 09:30:41
item finish:61355795 2017-07-27 09:30:43
item finish:61337100 2017-07-27 09:30:44
item finish:1000182260 2017-07-27 09:30:44
item finish:1000181988 2017-07-27 09:30:44
item finish:61324486 2017-07-27 09:30:45
item finish:60358747 2017-07-27 09:30:46
item finish:1000182199 2017-07-27 09:30:47
item finish:61051186 2017-07-27 09:30:47
item finish:61310466 2017-07-27 09:30:49
item finish:61304695 2017-07-27 09:30:49
item finish:59006042 2017-07-27 09:30:49
item finish:61339352 2017-07-27 09:30:50
item finish:61284411 2017-07-27 09:30:52
item finish:61249266 2017-07-27 09:30:53
item finish:61352327 2017-07-27 09:30:53
item finish:60546482 2017-07-27 09:30:54
item finish:60805219 2017-07-27 09:30:56
item finish:61330999 2017-07-27 09:30:56
item finish:60648403 2017-07-27 09:30:57
item finish:61334205 2017-07-27 09:30:57
item finish:60782516 2017-07-27 09:30:58
item finish:1000181727 2017-07-27 09:30:59
item finish:61334396 2017-07-27 09:30:59
item finish:61220601 2017-07-27 09:31:00
item finish:61133841 2017-07-27 09:31:00
item finish:61119839 2017-07-27 09:31:01
item finish:61125253 2017-07-27 09:31:03
item finish:60891765 2017-07-27 09:31:03
item finish:60887129 2017-07-27 09:31:06
item finish:61160618 2017-07-27 09:31:06
item finish:61264329 2017-07-27 09:31:07
item finish:61320957 2017-07-27 09:31:08
item finish:61355931 2017-07-27 09:31:08
item finish:61321475 2017-07-27 09:31:08
item finish:61122677 2017-07-27 09:31:09
item finish:61356543 2017-07-27 09:31:12
item finish:61119257 2017-07-27 09:31:13
